error: Error Amplitude:
error: Error Amplitude:
error: Error Amplitude:
error: Error Amplitude:
error: Error Amplitude:
error: Error Amplitude:
error: Error Amplitude:
error: Error Amplitude:
error: Error 404: /api/matches/5e7b9eba7fbc7d2f3450827c/begin
error: Error Amplitude:
error: [object Object]
error: Error response 404: Error while tossing matchCould not find a match with given id {"stack":"Not Found Request: Could not find a match with given id\n    at D:\\Projects\\JS\\jhijhi-backend\\src\\controllers\\matches.js:419:13\n    at processTicksAndRejections (internal/process/task_queues.js:97:5)","user":{"_id":"5e7b9eb37fbc7d2f34508269","username":"username2"}}
error: Error Amplitude:
error: Error response 404: Error while tossing matchCould not find a match with given id {"stack":"Not Found Request: Could not find a match with given id\n    at D:\\Projects\\JS\\jhijhi-backend\\src\\controllers\\matches.js:419:13\n    at processTicksAndRejections (internal/process/task_queues.js:97:5)","user":{"_id":"5e7b9eb37fbc7d2f34508268","username":"username1"}}
error: Error response 404: Error while saving overError while retrieving match {"stack":"Not Found Request: Error while retrieving match\n    at D:\\Projects\\JS\\jhijhi-backend\\src\\controllers\\matches.js:469:13\n    at processTicksAndRejections (internal/process/task_queues.js:97:5)","user":{"_id":"5e7b9eb37fbc7d2f34508269","username":"username2"}}
error: Error Amplitude:
error: Error response 404: Error while saving bowlError while retrieving match {"stack":"Not Found Request: Error while retrieving match\n    at D:\\Projects\\JS\\jhijhi-backend\\src\\controllers\\matches.js:516:13\n    at processTicksAndRejections (internal/process/task_queues.js:97:5)","user":{"_id":"5e7b9eb37fbc7d2f34508269","username":"username2"}}
error: Error Amplitude:
error: Error Amplitude:
error: Error Amplitude:
error: Error Amplitude:
error: Error Amplitude:
error: Error Amplitude:
error: Error Amplitude:
error: Error Amplitude:
error: Error Amplitude:
error: Error response 404: Error while updating bowlError while retrieving match {"stack":"Not Found Request: Error while retrieving match\n    at D:\\Projects\\JS\\jhijhi-backend\\src\\controllers\\matches.js:637:13\n    at runMicrotasks (<anonymous>)\n    at processTicksAndRejections (internal/process/task_queues.js:97:5)","user":{"_id":"5e7b9eb37fbc7d2f34508269","username":"username2"}}
error: Error Amplitude:
error: Error Amplitude:
error: Error Amplitude:
error: Error Amplitude:
error: Error Amplitude:
error: Error Amplitude:
error: Error Amplitude:
error: Error Amplitude:
error: Error Amplitude:
error: Error Amplitude:
error: Error Amplitude:
error: Error Amplitude:
error: Error Amplitude:
error: Error Amplitude:
error: Error Amplitude:
error: Error Amplitude:
error: Error Amplitude:
error: Error Amplitude:
error: Error 404: /api/matches/5e7b9ee81ad86644ac6d33e5/begin
error: Error Amplitude:
error: Error response 404: Error while tossing matchCould not find a match with given id {"stack":"Not Found Request: Could not find a match with given id\n    at D:\\Projects\\JS\\jhijhi-backend\\src\\controllers\\matches.js:419:13\n    at processTicksAndRejections (internal/process/task_queues.js:97:5)","user":{"_id":"5e7b9ee11ad86644ac6d33d2","username":"username2"}}
error: Error Amplitude:
error: Error response 404: Error while tossing matchCould not find a match with given id {"stack":"Not Found Request: Could not find a match with given id\n    at D:\\Projects\\JS\\jhijhi-backend\\src\\controllers\\matches.js:419:13\n    at processTicksAndRejections (internal/process/task_queues.js:97:5)","user":{"_id":"5e7b9ee11ad86644ac6d33d1","username":"username1"}}
error: Error response 404: Error while saving overError while retrieving match {"stack":"Not Found Request: Error while retrieving match\n    at D:\\Projects\\JS\\jhijhi-backend\\src\\controllers\\matches.js:469:13\n    at processTicksAndRejections (internal/process/task_queues.js:97:5)","user":{"_id":"5e7b9ee11ad86644ac6d33d2","username":"username2"}}
error: Error Amplitude:
error: Error response 404: Error while saving bowlError while retrieving match {"stack":"Not Found Request: Error while retrieving match\n    at D:\\Projects\\JS\\jhijhi-backend\\src\\controllers\\matches.js:516:13\n    at processTicksAndRejections (internal/process/task_queues.js:97:5)","user":{"_id":"5e7b9ee11ad86644ac6d33d2","username":"username2"}}
error: Error Amplitude:
error: Error Amplitude:
error: Error Amplitude:
error: Error Amplitude:
error: Error Amplitude:
error: Error Amplitude:
error: Error Amplitude:
error: Error Amplitude:
error: Error Amplitude:
error: Error response 404: Error while updating bowlError while retrieving match {"stack":"Not Found Request: Error while retrieving match\n    at D:\\Projects\\JS\\jhijhi-backend\\src\\controllers\\matches.js:637:13\n    at runMicrotasks (<anonymous>)\n    at processTicksAndRejections (internal/process/task_queues.js:97:5)","user":{"_id":"5e7b9ee11ad86644ac6d33d2","username":"username2"}}
error: Error Amplitude:
error: Error Amplitude:
error: Error Amplitude:
error: Error Amplitude:
error: Error Amplitude:
error: Error Amplitude:
error: Error Amplitude:
error: Error Amplitude:
error: Error Amplitude:
error: Error Amplitude:
error: Error Amplitude:
error: Error Amplitude:
error: Error Amplitude:
error: Error Amplitude:
error: Error Amplitude:
error: Error Amplitude:
error: Error Amplitude:
error: Error Amplitude:
error: Error 404: /api/matches/5e7b9f3234840a1f14f8912d/begin
error: Error Amplitude:
error: Error Amplitude:
error: Error Amplitude:
error: Error Amplitude:
error: Error Amplitude:
error: Error Amplitude:
error: Error Amplitude:
error: Error Amplitude:
error: Error Amplitude:
error: Error 404: /api/matches/5e7b9f4a01f14645549ee3ae/begin
error: Error Amplitude:
error: Error Amplitude:
error: Error Amplitude:
error: Error Amplitude:
error: Error Amplitude:
error: Error Amplitude:
error: Error Amplitude:
error: Error Amplitude:
error: Error Amplitude:
error: Error 404: /api/matches/5e7b9f6b86aaad45806e7f81/begin
error: Error Amplitude:
error: Error Amplitude:
error: Error Amplitude:
error: Error Amplitude:
error: Error Amplitude:
error: Error Amplitude:
error: Error Amplitude:
error: Error Amplitude:
error: Error Amplitude:
error: Error 404: /api/matches/5e7b9f8058cae73cfcbf1120/begin
error: Error Amplitude:
error: Error Amplitude:
error: Error Amplitude:
error: Error Amplitude:
error: Error Amplitude:
error: Error Amplitude:
error: Error Amplitude:
error: Error Amplitude:
error: Error Amplitude:
error: Error 404: /api/matches/5e7b9f9b5eadb4391849670a/begin
error: Error Amplitude:
error: Error Amplitude:
error: Error Amplitude:
error: Error Amplitude:
error: Error Amplitude:
error: Error Amplitude:
error: Error Amplitude:
error: Error Amplitude:
error: Error Amplitude:
error: Error 404: /api/matches/5e7b9fb9eeac9647a8e5cdc9/begin
error: Error Amplitude:
error: Error Amplitude:
error: Error Amplitude:
error: Error Amplitude:
error: Error Amplitude:
error: Error Amplitude:
error: Error Amplitude:
error: Error Amplitude:
error: Error Amplitude:
error: Error 404: /api/matches/5e7b9feb14b1f92e741dc4ca/begin
error: Error Amplitude:
error: Error response 404: Error while tossing matchCould not find a match with given id {"stack":"Not Found Request: Could not find a match with given id\n    at D:\\Projects\\JS\\jhijhi-backend\\src\\controllers\\matches.js:419:13\n    at processTicksAndRejections (internal/process/task_queues.js:97:5)","user":{"_id":"5e7b9fe514b1f92e741dc4b7","username":"username2"}}
error: Error Amplitude:
error: Error response 404: Error while tossing matchCould not find a match with given id {"stack":"Not Found Request: Could not find a match with given id\n    at D:\\Projects\\JS\\jhijhi-backend\\src\\controllers\\matches.js:419:13\n    at processTicksAndRejections (internal/process/task_queues.js:97:5)","user":{"_id":"5e7b9fe514b1f92e741dc4b6","username":"username1"}}
error: Error response 404: Error while saving overError while retrieving match {"stack":"Not Found Request: Error while retrieving match\n    at D:\\Projects\\JS\\jhijhi-backend\\src\\controllers\\matches.js:469:13\n    at processTicksAndRejections (internal/process/task_queues.js:97:5)","user":{"_id":"5e7b9fe514b1f92e741dc4b7","username":"username2"}}
error: Error Amplitude:
error: Error response 404: Error while saving bowlError while retrieving match {"stack":"Not Found Request: Error while retrieving match\n    at D:\\Projects\\JS\\jhijhi-backend\\src\\controllers\\matches.js:516:13\n    at processTicksAndRejections (internal/process/task_queues.js:97:5)","user":{"_id":"5e7b9fe514b1f92e741dc4b7","username":"username2"}}
error: Error Amplitude:
error: Error Amplitude:
error: Error Amplitude:
error: Error Amplitude:
error: Error Amplitude:
error: Error Amplitude:
error: Error Amplitude:
error: Error Amplitude:
error: Error Amplitude:
error: Error response 404: Error while updating bowlError while retrieving match {"stack":"Not Found Request: Error while retrieving match\n    at D:\\Projects\\JS\\jhijhi-backend\\src\\controllers\\matches.js:637:13\n    at runMicrotasks (<anonymous>)\n    at processTicksAndRejections (internal/process/task_queues.js:97:5)","user":{"_id":"5e7b9fe514b1f92e741dc4b7","username":"username2"}}
error: Error Amplitude:
error: Error Amplitude:
error: Error Amplitude:
error: Error Amplitude:
error: Error Amplitude:
error: Error Amplitude:
error: Error Amplitude:
error: Error Amplitude:
error: Error Amplitude:
error: Error Amplitude:
error: Error Amplitude:
error: Error Amplitude:
error: Error Amplitude:
error: Error Amplitude:
error: Error Amplitude:
error: Error Amplitude:
error: Error Amplitude:
error: Error Amplitude:
error: Error 404: /api/matches/5e7ba03ed70cba24ecc4a2ff/begin
error: Error Amplitude:
error: Error Amplitude:
error: Error Amplitude:
error: Error Amplitude:
error: Error Amplitude:
error: Error Amplitude:
error: Error Amplitude:
error: Error Amplitude:
error: Error Amplitude:
error: Error 404: /api/matches/5e7ba06a008b942efc8f4481/begin
error: Error Amplitude:
error: Error response 404: Error while tossing matchCould not find a match with given id {"stack":"Not Found Request: Could not find a match with given id\n    at D:\\Projects\\JS\\jhijhi-backend\\src\\controllers\\matches.js:419:13\n    at runMicrotasks (<anonymous>)\n    at processTicksAndRejections (internal/process/task_queues.js:97:5)","user":{"_id":"5e7ba063008b942efc8f446e","username":"username2"}}
error: Error Amplitude:
error: Error response 404: Error while tossing matchCould not find a match with given id {"stack":"Not Found Request: Could not find a match with given id\n    at D:\\Projects\\JS\\jhijhi-backend\\src\\controllers\\matches.js:419:13\n    at runMicrotasks (<anonymous>)\n    at processTicksAndRejections (internal/process/task_queues.js:97:5)","user":{"_id":"5e7ba063008b942efc8f446d","username":"username1"}}
error: Error response 404: Error while saving overError while retrieving match {"stack":"Not Found Request: Error while retrieving match\n    at D:\\Projects\\JS\\jhijhi-backend\\src\\controllers\\matches.js:469:13\n    at runMicrotasks (<anonymous>)\n    at processTicksAndRejections (internal/process/task_queues.js:97:5)","user":{"_id":"5e7ba063008b942efc8f446e","username":"username2"}}
error: Error Amplitude:
error: Error response 404: Error while saving bowlError while retrieving match {"stack":"Not Found Request: Error while retrieving match\n    at D:\\Projects\\JS\\jhijhi-backend\\src\\controllers\\matches.js:516:13\n    at runMicrotasks (<anonymous>)\n    at processTicksAndRejections (internal/process/task_queues.js:97:5)","user":{"_id":"5e7ba063008b942efc8f446e","username":"username2"}}
error: Error Amplitude:
error: Error Amplitude:
error: Error Amplitude:
error: Error Amplitude:
error: Error Amplitude:
error: Error Amplitude:
error: Error Amplitude:
error: Error Amplitude:
error: Error Amplitude:
error: Error response 404: Error while updating bowlError while retrieving match {"stack":"Not Found Request: Error while retrieving match\n    at D:\\Projects\\JS\\jhijhi-backend\\src\\controllers\\matches.js:637:13\n    at runMicrotasks (<anonymous>)\n    at processTicksAndRejections (internal/process/task_queues.js:97:5)","user":{"_id":"5e7ba063008b942efc8f446e","username":"username2"}}
error: Error Amplitude:
error: Error Amplitude:
error: Error Amplitude:
error: Error Amplitude:
error: Error Amplitude:
error: Error Amplitude:
error: Error Amplitude:
error: Error Amplitude:
error: Error Amplitude:
error: Error Amplitude:
error: Error Amplitude:
error: Error Amplitude:
error: Error Amplitude:
error: Error Amplitude:
error: Error Amplitude:
error: Error Amplitude:
error: Error Amplitude:
error: Error Amplitude:
error: Error Amplitude:
error: Error Amplitude:
error: Error Amplitude:
error: Error Amplitude:
error: Error 404: /api/matches/5e7ba1b6ad659602ec2d0951/begin
error: Error Amplitude:
error: Error response 404: Error while tossing matchCould not find a match with given id {"stack":"Not Found Request: Could not find a match with given id\n    at D:\\Projects\\JS\\jhijhi-backend\\src\\controllers\\matches.js:419:13\n    at runMicrotasks (<anonymous>)\n    at processTicksAndRejections (internal/process/task_queues.js:97:5)","user":{"_id":"5e7ba1abad659602ec2d093e","username":"username2"}}
error: Error Amplitude:
error: Error response 404: Error while tossing matchCould not find a match with given id {"stack":"Not Found Request: Could not find a match with given id\n    at D:\\Projects\\JS\\jhijhi-backend\\src\\controllers\\matches.js:419:13\n    at runMicrotasks (<anonymous>)\n    at processTicksAndRejections (internal/process/task_queues.js:97:5)","user":{"_id":"5e7ba1aaad659602ec2d093d","username":"username1"}}
error: Error response 404: Error while saving overError while retrieving match {"stack":"Not Found Request: Error while retrieving match\n    at D:\\Projects\\JS\\jhijhi-backend\\src\\controllers\\matches.js:469:13\n    at runMicrotasks (<anonymous>)\n    at processTicksAndRejections (internal/process/task_queues.js:97:5)","user":{"_id":"5e7ba1abad659602ec2d093e","username":"username2"}}
error: Error Amplitude:
error: Error response 404: Error while saving bowlError while retrieving match {"stack":"Not Found Request: Error while retrieving match\n    at D:\\Projects\\JS\\jhijhi-backend\\src\\controllers\\matches.js:516:13\n    at runMicrotasks (<anonymous>)\n    at processTicksAndRejections (internal/process/task_queues.js:97:5)","user":{"_id":"5e7ba1abad659602ec2d093e","username":"username2"}}
error: Error Amplitude:
error: Error Amplitude:
error: Error Amplitude:
error: Error Amplitude:
error: Error Amplitude:
error: Error Amplitude:
error: Error Amplitude:
error: Error Amplitude:
error: Error Amplitude:
error: Error Amplitude:
error: Error Amplitude:
error: Error Amplitude:
error: Error Amplitude:
error: Error Amplitude:
error: Error Amplitude:
error: Error Amplitude:
error: Error Amplitude:
error: Error 404: /api/matches/5e7ba248dc73b942bcb12d59/begin
error: Error Amplitude:
error: Error response 404: Error while tossing matchCould not find a match with given id {"stack":"Not Found Request: Could not find a match with given id\n    at D:\\Projects\\JS\\jhijhi-backend\\src\\controllers\\matches.js:419:13\n    at runMicrotasks (<anonymous>)\n    at processTicksAndRejections (internal/process/task_queues.js:97:5)","user":{"_id":"5e7ba23cdc73b942bcb12d46","username":"username2"}}
error: Error Amplitude:
error: Error response 404: Error while tossing matchCould not find a match with given id {"stack":"Not Found Request: Could not find a match with given id\n    at D:\\Projects\\JS\\jhijhi-backend\\src\\controllers\\matches.js:419:13\n    at runMicrotasks (<anonymous>)\n    at processTicksAndRejections (internal/process/task_queues.js:97:5)","user":{"_id":"5e7ba23cdc73b942bcb12d45","username":"username1"}}
error: Error response 404: Error while saving overError while retrieving match {"stack":"Not Found Request: Error while retrieving match\n    at D:\\Projects\\JS\\jhijhi-backend\\src\\controllers\\matches.js:469:13\n    at runMicrotasks (<anonymous>)\n    at processTicksAndRejections (internal/process/task_queues.js:97:5)","user":{"_id":"5e7ba23cdc73b942bcb12d46","username":"username2"}}
error: Error Amplitude:
error: Error response 404: Error while saving bowlError while retrieving match {"stack":"Not Found Request: Error while retrieving match\n    at D:\\Projects\\JS\\jhijhi-backend\\src\\controllers\\matches.js:516:13\n    at runMicrotasks (<anonymous>)\n    at processTicksAndRejections (internal/process/task_queues.js:97:5)","user":{"_id":"5e7ba23cdc73b942bcb12d46","username":"username2"}}
error: Error Amplitude:
error: Error Amplitude:
error: Error Amplitude:
error: Error Amplitude:
error: Error Amplitude:
error: Error Amplitude:
error: Error Amplitude:
error: Error Amplitude:
error: Error Amplitude:
error: Error Amplitude:
error: Error Amplitude:
error: Error Amplitude:
error: Error Amplitude:
error: Error Amplitude:
error: Error Amplitude:
error: Error Amplitude:
error: Error Amplitude:
error: Error 404: /api/matches/5e7ba29773eec9443ca9b258/begin
error: Error Amplitude:
error: Error response 404: Error while tossing matchCould not find a match with given id {"stack":"Not Found Request: Could not find a match with given id\n    at D:\\Projects\\JS\\jhijhi-backend\\src\\controllers\\matches.js:419:13\n    at processTicksAndRejections (internal/process/task_queues.js:97:5)","user":{"_id":"5e7ba28e73eec9443ca9b245","username":"username2"}}
error: Error Amplitude:
error: Error response 404: Error while tossing matchCould not find a match with given id {"stack":"Not Found Request: Could not find a match with given id\n    at D:\\Projects\\JS\\jhijhi-backend\\src\\controllers\\matches.js:419:13\n    at processTicksAndRejections (internal/process/task_queues.js:97:5)","user":{"_id":"5e7ba28d73eec9443ca9b244","username":"username1"}}
error: Error response 404: Error while saving overError while retrieving match {"stack":"Not Found Request: Error while retrieving match\n    at D:\\Projects\\JS\\jhijhi-backend\\src\\controllers\\matches.js:469:13\n    at processTicksAndRejections (internal/process/task_queues.js:97:5)","user":{"_id":"5e7ba28e73eec9443ca9b245","username":"username2"}}
error: Error Amplitude:
error: Error response 404: Error while saving bowlError while retrieving match {"stack":"Not Found Request: Error while retrieving match\n    at D:\\Projects\\JS\\jhijhi-backend\\src\\controllers\\matches.js:516:13\n    at processTicksAndRejections (internal/process/task_queues.js:97:5)","user":{"_id":"5e7ba28e73eec9443ca9b245","username":"username2"}}
error: Error Amplitude:
error: Error Amplitude:
error: Error Amplitude:
error: Error Amplitude:
error: Error Amplitude:
error: Error Amplitude:
error: Error Amplitude:
error: Error Amplitude:
error: Error Amplitude:
error: Error response 404: Error while updating bowlError while retrieving match {"stack":"Not Found Request: Error while retrieving match\n    at D:\\Projects\\JS\\jhijhi-backend\\src\\controllers\\matches.js:637:13\n    at runMicrotasks (<anonymous>)\n    at processTicksAndRejections (internal/process/task_queues.js:97:5)","user":{"_id":"5e7ba28e73eec9443ca9b245","username":"username2"}}
error: Error Amplitude:
error: Error Amplitude:
error: Error Amplitude:
error: Error Amplitude:
error: Error Amplitude:
error: Error Amplitude:
error: Error Amplitude:
error: Error Amplitude:
error: Error Amplitude:
error: Error Amplitude:
error: Error Amplitude:
error: Error Amplitude:
error: Error Amplitude:
error: Error Amplitude:
error: Error Amplitude:
error: Error Amplitude:
error: Error Amplitude:
error: Error Amplitude:
error: Error 404: /api/matches/5e7ba3c818f46a19e4673e7f/begin
error: Error Amplitude:
error: Error response 404: Error while tossing matchCould not find a match with given id {"stack":"Not Found Request: Could not find a match with given id\n    at D:\\Projects\\JS\\jhijhi-backend\\src\\controllers\\matches.js:419:13\n    at runMicrotasks (<anonymous>)\n    at processTicksAndRejections (internal/process/task_queues.js:97:5)","user":{"_id":"5e7ba3bd18f46a19e4673e6c","username":"username2"}}
error: Error Amplitude:
error: Error response 404: Error while tossing matchCould not find a match with given id {"stack":"Not Found Request: Could not find a match with given id\n    at D:\\Projects\\JS\\jhijhi-backend\\src\\controllers\\matches.js:419:13\n    at runMicrotasks (<anonymous>)\n    at processTicksAndRejections (internal/process/task_queues.js:97:5)","user":{"_id":"5e7ba3bd18f46a19e4673e6b","username":"username1"}}
error: Error response 404: Error while saving overError while retrieving match {"stack":"Not Found Request: Error while retrieving match\n    at D:\\Projects\\JS\\jhijhi-backend\\src\\controllers\\matches.js:469:13\n    at runMicrotasks (<anonymous>)\n    at processTicksAndRejections (internal/process/task_queues.js:97:5)","user":{"_id":"5e7ba3bd18f46a19e4673e6c","username":"username2"}}
error: Error Amplitude:
error: Error response 404: Error while saving bowlError while retrieving match {"stack":"Not Found Request: Error while retrieving match\n    at D:\\Projects\\JS\\jhijhi-backend\\src\\controllers\\matches.js:516:13\n    at runMicrotasks (<anonymous>)\n    at processTicksAndRejections (internal/process/task_queues.js:97:5)","user":{"_id":"5e7ba3bd18f46a19e4673e6c","username":"username2"}}
error: Error Amplitude:
error: Error Amplitude:
error: Error Amplitude:
error: Error Amplitude:
error: Error Amplitude:
error: Error Amplitude:
error: Error Amplitude:
error: Error Amplitude:
error: Error Amplitude:
error: Error response 404: Error while updating bowlError while retrieving match {"stack":"Not Found Request: Error while retrieving match\n    at D:\\Projects\\JS\\jhijhi-backend\\src\\controllers\\matches.js:637:13\n    at runMicrotasks (<anonymous>)\n    at processTicksAndRejections (internal/process/task_queues.js:97:5)","user":{"_id":"5e7ba3bd18f46a19e4673e6c","username":"username2"}}
error: Error Amplitude:
error: Error Amplitude:
error: Error Amplitude:
error: Error Amplitude:
error: Error Amplitude:
error: Error Amplitude:
error: Error Amplitude:
error: Error Amplitude:
error: Error Amplitude:
error: Error Amplitude:
error: Error Amplitude:
error: Error Amplitude:
error: Error Amplitude:
error: Error Amplitude:
error: Error Amplitude:
error: Error Amplitude:
error: Error Amplitude:
error: Error Amplitude:
error: Error 404: /api/matches/5e7ba59c6b84673da0f95680/begin
error: Error Amplitude:
error: Error response 404: Error while tossing matchCould not find a match with given id {"stack":"Not Found Request: Could not find a match with given id\n    at D:\\Projects\\JS\\jhijhi-backend\\src\\controllers\\matches.js:419:13\n    at runMicrotasks (<anonymous>)\n    at processTicksAndRejections (internal/process/task_queues.js:97:5)","user":{"_id":"5e7ba5926b84673da0f9566d","username":"username2"}}
error: Error Amplitude:
error: Error response 404: Error while tossing matchCould not find a match with given id {"stack":"Not Found Request: Could not find a match with given id\n    at D:\\Projects\\JS\\jhijhi-backend\\src\\controllers\\matches.js:419:13\n    at runMicrotasks (<anonymous>)\n    at processTicksAndRejections (internal/process/task_queues.js:97:5)","user":{"_id":"5e7ba5916b84673da0f9566c","username":"username1"}}
error: Error response 404: Error while saving overError while retrieving match {"stack":"Not Found Request: Error while retrieving match\n    at D:\\Projects\\JS\\jhijhi-backend\\src\\controllers\\matches.js:469:13\n    at runMicrotasks (<anonymous>)\n    at processTicksAndRejections (internal/process/task_queues.js:97:5)","user":{"_id":"5e7ba5926b84673da0f9566d","username":"username2"}}
error: Error Amplitude:
error: Error response 404: Error while saving bowlError while retrieving match {"stack":"Not Found Request: Error while retrieving match\n    at D:\\Projects\\JS\\jhijhi-backend\\src\\controllers\\matches.js:516:13\n    at runMicrotasks (<anonymous>)\n    at processTicksAndRejections (internal/process/task_queues.js:97:5)","user":{"_id":"5e7ba5926b84673da0f9566d","username":"username2"}}
error: Error Amplitude:
error: Error Amplitude:
error: Error Amplitude:
error: Error Amplitude:
error: Error Amplitude:
error: Error Amplitude:
error: Error Amplitude:
error: Error Amplitude:
error: Error Amplitude:
error: Error Amplitude:
error: Error Amplitude:
error: Error Amplitude:
error: Error Amplitude:
error: Error Amplitude:
error: Error Amplitude:
error: Error Amplitude:
error: Error Amplitude:
error: Error 404: /api/matches/5e7ba604e33c6d2da82a1a68/begin
error: Error Amplitude:
error: Error response 404: Error while tossing matchCould not find a match with given id {"stack":"Not Found Request: Could not find a match with given id\n    at D:\\Projects\\JS\\jhijhi-backend\\src\\controllers\\matches.js:419:13\n    at runMicrotasks (<anonymous>)\n    at processTicksAndRejections (internal/process/task_queues.js:97:5)","user":{"_id":"5e7ba5f8e33c6d2da82a1a55","username":"username2"}}
error: Error Amplitude:
error: Error response 404: Error while tossing matchCould not find a match with given id {"stack":"Not Found Request: Could not find a match with given id\n    at D:\\Projects\\JS\\jhijhi-backend\\src\\controllers\\matches.js:419:13\n    at runMicrotasks (<anonymous>)\n    at processTicksAndRejections (internal/process/task_queues.js:97:5)","user":{"_id":"5e7ba5f8e33c6d2da82a1a54","username":"username1"}}
error: Error response 404: Error while saving overError while retrieving match {"stack":"Not Found Request: Error while retrieving match\n    at D:\\Projects\\JS\\jhijhi-backend\\src\\controllers\\matches.js:469:13\n    at runMicrotasks (<anonymous>)\n    at processTicksAndRejections (internal/process/task_queues.js:97:5)","user":{"_id":"5e7ba5f8e33c6d2da82a1a55","username":"username2"}}
error: Error Amplitude:
error: Error response 404: Error while saving bowlError while retrieving match {"stack":"Not Found Request: Error while retrieving match\n    at D:\\Projects\\JS\\jhijhi-backend\\src\\controllers\\matches.js:516:13\n    at runMicrotasks (<anonymous>)\n    at processTicksAndRejections (internal/process/task_queues.js:97:5)","user":{"_id":"5e7ba5f8e33c6d2da82a1a55","username":"username2"}}
error: Error Amplitude:
error: Error Amplitude:
error: Error Amplitude:
error: Error Amplitude:
error: Error Amplitude:
error: Error Amplitude:
error: Error Amplitude:
error: Error Amplitude:
error: Error Amplitude:
error: Error Amplitude:
error: Error Amplitude:
error: Error Amplitude:
error: Error Amplitude:
error: Error Amplitude:
error: Error Amplitude:
error: Error Amplitude:
error: Error Amplitude:
error: Error 404: /api/matches/5e7ba6ac47ad122ec05c3b5a/begin
error: Error Amplitude:
error: Error response 404: Error while tossing matchCould not find a match with given id {"stack":"Not Found Request: Could not find a match with given id\n    at D:\\Projects\\JS\\jhijhi-backend\\src\\controllers\\matches.js:419:13\n    at runMicrotasks (<anonymous>)\n    at processTicksAndRejections (internal/process/task_queues.js:97:5)","user":{"_id":"5e7ba6a147ad122ec05c3b47","username":"username2"}}
error: Error Amplitude:
error: Error response 404: Error while tossing matchCould not find a match with given id {"stack":"Not Found Request: Could not find a match with given id\n    at D:\\Projects\\JS\\jhijhi-backend\\src\\controllers\\matches.js:419:13\n    at runMicrotasks (<anonymous>)\n    at processTicksAndRejections (internal/process/task_queues.js:97:5)","user":{"_id":"5e7ba6a047ad122ec05c3b46","username":"username1"}}
error: Error response 404: Error while saving overError while retrieving match {"stack":"Not Found Request: Error while retrieving match\n    at D:\\Projects\\JS\\jhijhi-backend\\src\\controllers\\matches.js:469:13\n    at runMicrotasks (<anonymous>)\n    at processTicksAndRejections (internal/process/task_queues.js:97:5)","user":{"_id":"5e7ba6a147ad122ec05c3b47","username":"username2"}}
error: Error Amplitude:
error: Error response 404: Error while saving bowlError while retrieving match {"stack":"Not Found Request: Error while retrieving match\n    at D:\\Projects\\JS\\jhijhi-backend\\src\\controllers\\matches.js:516:13\n    at runMicrotasks (<anonymous>)\n    at processTicksAndRejections (internal/process/task_queues.js:97:5)","user":{"_id":"5e7ba6a147ad122ec05c3b47","username":"username2"}}
error: Error Amplitude:
error: Error Amplitude:
error: Error Amplitude:
error: Error Amplitude:
error: Error Amplitude:
error: Error Amplitude:
error: Error Amplitude:
error: Error Amplitude:
error: Error Amplitude:
error: Error Amplitude:
error: Error Amplitude:
error: Error Amplitude:
error: Error Amplitude:
error: Error Amplitude:
error: Error Amplitude:
error: Error Amplitude:
error: Error Amplitude:
error: Error 404: /api/matches/5e7ba70c69ca0946bc9bedaa/begin
error: Error Amplitude:
error: Error response 404: Error while tossing matchCould not find a match with given id {"stack":"Not Found Request: Could not find a match with given id\n    at D:\\Projects\\JS\\jhijhi-backend\\src\\controllers\\matches.js:419:13\n    at runMicrotasks (<anonymous>)\n    at processTicksAndRejections (internal/process/task_queues.js:97:5)","user":{"_id":"5e7ba70269ca0946bc9bed97","username":"username2"}}
error: Error Amplitude:
error: Error response 404: Error while tossing matchCould not find a match with given id {"stack":"Not Found Request: Could not find a match with given id\n    at D:\\Projects\\JS\\jhijhi-backend\\src\\controllers\\matches.js:419:13\n    at runMicrotasks (<anonymous>)\n    at processTicksAndRejections (internal/process/task_queues.js:97:5)","user":{"_id":"5e7ba70169ca0946bc9bed96","username":"username1"}}
error: Error response 404: Error while saving overError while retrieving match {"stack":"Not Found Request: Error while retrieving match\n    at D:\\Projects\\JS\\jhijhi-backend\\src\\controllers\\matches.js:469:13\n    at runMicrotasks (<anonymous>)\n    at processTicksAndRejections (internal/process/task_queues.js:97:5)","user":{"_id":"5e7ba70269ca0946bc9bed97","username":"username2"}}
error: Error Amplitude:
error: Error response 404: Error while saving bowlError while retrieving match {"stack":"Not Found Request: Error while retrieving match\n    at D:\\Projects\\JS\\jhijhi-backend\\src\\controllers\\matches.js:516:13\n    at runMicrotasks (<anonymous>)\n    at processTicksAndRejections (internal/process/task_queues.js:97:5)","user":{"_id":"5e7ba70269ca0946bc9bed97","username":"username2"}}
error: Error Amplitude:
error: Error Amplitude:
error: Error Amplitude:
error: Error Amplitude:
error: Error Amplitude:
error: Error Amplitude:
error: Error Amplitude:
error: Error Amplitude:
error: Error Amplitude:
error: Error response 404: Error while updating bowlError while retrieving match {"stack":"Not Found Request: Error while retrieving match\n    at D:\\Projects\\JS\\jhijhi-backend\\src\\controllers\\matches.js:637:13\n    at runMicrotasks (<anonymous>)\n    at processTicksAndRejections (internal/process/task_queues.js:97:5)","user":{"_id":"5e7ba70269ca0946bc9bed97","username":"username2"}}
error: Error Amplitude:
error: Error Amplitude:
error: Error Amplitude:
error: Error Amplitude:
error: Error Amplitude:
error: Error Amplitude:
error: Error Amplitude:
error: Error Amplitude:
error: Error Amplitude:
error: Error Amplitude:
error: Error Amplitude:
error: Error Amplitude:
error: Error Amplitude:
error: Error Amplitude:
error: Error Amplitude:
error: Error Amplitude:
error: Error Amplitude:
error: Error Amplitude:
error: Error 404: /api/matches/5e7bab37889e35202027855c/begin
error: Error Amplitude:
error: Error response 404: Error while tossing matchCould not find a match with given id {"stack":"Not Found Request: Could not find a match with given id\n    at D:\\Projects\\JS\\jhijhi-backend\\src\\controllers\\matches.js:419:13\n    at processTicksAndRejections (internal/process/task_queues.js:97:5)","user":{"_id":"5e7bab32889e352020278549","username":"username2"}}
error: Error Amplitude:
error: Error response 404: Error while tossing matchCould not find a match with given id {"stack":"Not Found Request: Could not find a match with given id\n    at D:\\Projects\\JS\\jhijhi-backend\\src\\controllers\\matches.js:419:13\n    at processTicksAndRejections (internal/process/task_queues.js:97:5)","user":{"_id":"5e7bab32889e352020278548","username":"username1"}}
error: Error response 404: Error while saving overError while retrieving match {"stack":"Not Found Request: Error while retrieving match\n    at D:\\Projects\\JS\\jhijhi-backend\\src\\controllers\\matches.js:469:13\n    at processTicksAndRejections (internal/process/task_queues.js:97:5)","user":{"_id":"5e7bab32889e352020278549","username":"username2"}}
error: Error Amplitude:
error: Error response 404: Error while saving bowlError while retrieving match {"stack":"Not Found Request: Error while retrieving match\n    at D:\\Projects\\JS\\jhijhi-backend\\src\\controllers\\matches.js:516:13\n    at processTicksAndRejections (internal/process/task_queues.js:97:5)","user":{"_id":"5e7bab32889e352020278549","username":"username2"}}
error: Error Amplitude:
error: Error Amplitude:
error: Error Amplitude:
error: Error Amplitude:
error: Error Amplitude:
error: Error Amplitude:
error: Error Amplitude:
error: Error Amplitude:
error: Error Amplitude:
error: Error response 404: Error while updating bowlError while retrieving match {"stack":"Not Found Request: Error while retrieving match\n    at D:\\Projects\\JS\\jhijhi-backend\\src\\controllers\\matches.js:637:13\n    at runMicrotasks (<anonymous>)\n    at processTicksAndRejections (internal/process/task_queues.js:97:5)","user":{"_id":"5e7bab32889e352020278549","username":"username2"}}
error: Error Amplitude:
error: Error Amplitude:
error: Error Amplitude:
error: Error Amplitude:
error: Error Amplitude:
error: Error Amplitude:
error: Error Amplitude:
error: Error Amplitude:
error: Error Amplitude:
error: Error Amplitude:
error: Error 404: /api/matches/5e7bab7713cc5323c063d9ce/begin
error: Error Amplitude:
error: Error response 404: Error while tossing matchCould not find a match with given id {"stack":"Not Found Request: Could not find a match with given id\n    at D:\\Projects\\JS\\jhijhi-backend\\src\\controllers\\matches.js:419:13\n    at processTicksAndRejections (internal/process/task_queues.js:97:5)","user":{"_id":"5e7bab7213cc5323c063d9bb","username":"username2"}}
error: Error Amplitude:
error: Error response 404: Error while tossing matchCould not find a match with given id {"stack":"Not Found Request: Could not find a match with given id\n    at D:\\Projects\\JS\\jhijhi-backend\\src\\controllers\\matches.js:419:13\n    at processTicksAndRejections (internal/process/task_queues.js:97:5)","user":{"_id":"5e7bab7213cc5323c063d9ba","username":"username1"}}
error: Error response 404: Error while saving overError while retrieving match {"stack":"Not Found Request: Error while retrieving match\n    at D:\\Projects\\JS\\jhijhi-backend\\src\\controllers\\matches.js:469:13\n    at processTicksAndRejections (internal/process/task_queues.js:97:5)","user":{"_id":"5e7bab7213cc5323c063d9bb","username":"username2"}}
error: Error Amplitude:
error: Error response 404: Error while saving bowlError while retrieving match {"stack":"Not Found Request: Error while retrieving match\n    at D:\\Projects\\JS\\jhijhi-backend\\src\\controllers\\matches.js:516:13\n    at processTicksAndRejections (internal/process/task_queues.js:97:5)","user":{"_id":"5e7bab7213cc5323c063d9bb","username":"username2"}}
error: Error Amplitude:
error: Error Amplitude:
error: Error Amplitude:
error: Error Amplitude:
error: Error Amplitude:
error: Error Amplitude:
error: Error Amplitude:
error: Error Amplitude:
error: Error Amplitude:
error: Error response 404: Error while updating bowlError while retrieving match {"stack":"Not Found Request: Error while retrieving match\n    at D:\\Projects\\JS\\jhijhi-backend\\src\\controllers\\matches.js:638:13\n    at runMicrotasks (<anonymous>)\n    at processTicksAndRejections (internal/process/task_queues.js:97:5)","user":{"_id":"5e7bab7213cc5323c063d9bb","username":"username2"}}
error: Error Amplitude:
error: Error Amplitude:
error: Error Amplitude:
error: Error Amplitude:
error: Error Amplitude:
error: Error Amplitude:
error: Error Amplitude:
error: Error Amplitude:
error: Error Amplitude:
error: Error Amplitude:
error: Error 404: /api/matches/5e7babaa8e73461f7cdbc970/begin
error: Error Amplitude:
error: Error response 404: Error while tossing matchCould not find a match with given id {"stack":"Not Found Request: Could not find a match with given id\n    at D:\\Projects\\JS\\jhijhi-backend\\src\\controllers\\matches.js:419:13\n    at runMicrotasks (<anonymous>)\n    at processTicksAndRejections (internal/process/task_queues.js:97:5)","user":{"_id":"5e7baba58e73461f7cdbc95d","username":"username2"}}
error: Error Amplitude:
error: Error response 404: Error while tossing matchCould not find a match with given id {"stack":"Not Found Request: Could not find a match with given id\n    at D:\\Projects\\JS\\jhijhi-backend\\src\\controllers\\matches.js:419:13\n    at runMicrotasks (<anonymous>)\n    at processTicksAndRejections (internal/process/task_queues.js:97:5)","user":{"_id":"5e7baba48e73461f7cdbc95c","username":"username1"}}
error: Error response 404: Error while saving overError while retrieving match {"stack":"Not Found Request: Error while retrieving match\n    at D:\\Projects\\JS\\jhijhi-backend\\src\\controllers\\matches.js:469:13\n    at runMicrotasks (<anonymous>)\n    at processTicksAndRejections (internal/process/task_queues.js:97:5)","user":{"_id":"5e7baba58e73461f7cdbc95d","username":"username2"}}
error: Error Amplitude:
error: Error response 404: Error while saving bowlError while retrieving match {"stack":"Not Found Request: Error while retrieving match\n    at D:\\Projects\\JS\\jhijhi-backend\\src\\controllers\\matches.js:516:13\n    at runMicrotasks (<anonymous>)\n    at processTicksAndRejections (internal/process/task_queues.js:97:5)","user":{"_id":"5e7baba58e73461f7cdbc95d","username":"username2"}}
error: Error Amplitude:
error: Error Amplitude:
error: Error Amplitude:
error: Error Amplitude:
error: Error Amplitude:
error: Error Amplitude:
error: Error Amplitude:
error: Error Amplitude:
error: Error Amplitude:
error: Error response 404: Error while updating bowlError while retrieving match {"stack":"Not Found Request: Error while retrieving match\n    at D:\\Projects\\JS\\jhijhi-backend\\src\\controllers\\matches.js:639:13\n    at processTicksAndRejections (internal/process/task_queues.js:97:5)","user":{"_id":"5e7baba58e73461f7cdbc95d","username":"username2"}}
error: Error Amplitude:
error: Error Amplitude:
error: Error Amplitude:
error: Error Amplitude:
error: Error Amplitude:
error: Error Amplitude:
error: Error Amplitude:
error: Error Amplitude:
error: Error Amplitude:
error: Error Amplitude:
error: Error 404: /api/matches/5e7babfbc3fc2212a0d3cccc/begin
error: Error Amplitude:
error: Error response 404: Error while tossing matchCould not find a match with given id {"stack":"Not Found Request: Could not find a match with given id\n    at D:\\Projects\\JS\\jhijhi-backend\\src\\controllers\\matches.js:419:13\n    at runMicrotasks (<anonymous>)\n    at processTicksAndRejections (internal/process/task_queues.js:97:5)","user":{"_id":"5e7babf6c3fc2212a0d3ccb9","username":"username2"}}
error: Error Amplitude:
error: Error response 404: Error while tossing matchCould not find a match with given id {"stack":"Not Found Request: Could not find a match with given id\n    at D:\\Projects\\JS\\jhijhi-backend\\src\\controllers\\matches.js:419:13\n    at runMicrotasks (<anonymous>)\n    at processTicksAndRejections (internal/process/task_queues.js:97:5)","user":{"_id":"5e7babf5c3fc2212a0d3ccb8","username":"username1"}}
error: Error response 404: Error while saving overError while retrieving match {"stack":"Not Found Request: Error while retrieving match\n    at D:\\Projects\\JS\\jhijhi-backend\\src\\controllers\\matches.js:469:13\n    at runMicrotasks (<anonymous>)\n    at processTicksAndRejections (internal/process/task_queues.js:97:5)","user":{"_id":"5e7babf6c3fc2212a0d3ccb9","username":"username2"}}
error: Error Amplitude:
error: Error response 404: Error while saving bowlError while retrieving match {"stack":"Not Found Request: Error while retrieving match\n    at D:\\Projects\\JS\\jhijhi-backend\\src\\controllers\\matches.js:516:13\n    at runMicrotasks (<anonymous>)\n    at processTicksAndRejections (internal/process/task_queues.js:97:5)","user":{"_id":"5e7babf6c3fc2212a0d3ccb9","username":"username2"}}
error: Error Amplitude:
error: Error Amplitude:
error: Error Amplitude:
error: Error Amplitude:
error: Error Amplitude:
error: Error Amplitude:
error: Error Amplitude:
error: Error Amplitude:
error: Error Amplitude:
error: Error response 404: Error while updating bowlError while retrieving match {"stack":"Not Found Request: Error while retrieving match\n    at D:\\Projects\\JS\\jhijhi-backend\\src\\controllers\\matches.js:640:13\n    at runMicrotasks (<anonymous>)\n    at processTicksAndRejections (internal/process/task_queues.js:97:5)","user":{"_id":"5e7babf6c3fc2212a0d3ccb9","username":"username2"}}
error: Error Amplitude:
error: Error Amplitude:
error: Error Amplitude:
error: Error Amplitude:
error: Error Amplitude:
error: Error Amplitude:
error: Error Amplitude:
error: Error Amplitude:
error: Error Amplitude:
error: Error Amplitude:
error: Error 404: /api/matches/5e7bac2ff612844490b42f85/begin
error: Error Amplitude:
error: Error response 404: Error while tossing matchCould not find a match with given id {"stack":"Not Found Request: Could not find a match with given id\n    at D:\\Projects\\JS\\jhijhi-backend\\src\\controllers\\matches.js:419:13\n    at processTicksAndRejections (internal/process/task_queues.js:97:5)","user":{"_id":"5e7bac2af612844490b42f72","username":"username2"}}
error: Error Amplitude:
error: Error response 404: Error while tossing matchCould not find a match with given id {"stack":"Not Found Request: Could not find a match with given id\n    at D:\\Projects\\JS\\jhijhi-backend\\src\\controllers\\matches.js:419:13\n    at processTicksAndRejections (internal/process/task_queues.js:97:5)","user":{"_id":"5e7bac29f612844490b42f71","username":"username1"}}
error: Error response 404: Error while saving overError while retrieving match {"stack":"Not Found Request: Error while retrieving match\n    at D:\\Projects\\JS\\jhijhi-backend\\src\\controllers\\matches.js:469:13\n    at processTicksAndRejections (internal/process/task_queues.js:97:5)","user":{"_id":"5e7bac2af612844490b42f72","username":"username2"}}
error: Error Amplitude:
error: Error response 404: Error while saving bowlError while retrieving match {"stack":"Not Found Request: Error while retrieving match\n    at D:\\Projects\\JS\\jhijhi-backend\\src\\controllers\\matches.js:516:13\n    at processTicksAndRejections (internal/process/task_queues.js:97:5)","user":{"_id":"5e7bac2af612844490b42f72","username":"username2"}}
error: Error Amplitude:
error: Error Amplitude:
error: Error Amplitude:
error: Error Amplitude:
error: Error Amplitude:
error: Error Amplitude:
error: Error Amplitude:
error: Error Amplitude:
error: Error Amplitude:
error: Error response 404: Error while updating bowlError while retrieving match {"stack":"Not Found Request: Error while retrieving match\n    at D:\\Projects\\JS\\jhijhi-backend\\src\\controllers\\matches.js:641:13\n    at runMicrotasks (<anonymous>)\n    at processTicksAndRejections (internal/process/task_queues.js:97:5)","user":{"_id":"5e7bac2af612844490b42f72","username":"username2"}}
error: Error Amplitude:
error: Error Amplitude:
error: Error Amplitude:
error: Error Amplitude:
error: Error Amplitude:
error: Error Amplitude:
error: Error Amplitude:
error: Error Amplitude:
error: Error Amplitude:
error: Error Amplitude:
error: Error 404: /api/matches/5e7bacfa49cd301950eb6b96/begin
error: Error Amplitude:
error: Error response 404: Error while tossing matchCould not find a match with given id {"stack":"Not Found Request: Could not find a match with given id\n    at D:\\Projects\\JS\\jhijhi-backend\\src\\controllers\\matches.js:422:13\n    at processTicksAndRejections (internal/process/task_queues.js:97:5)","user":{"_id":"5e7bacf549cd301950eb6b83","username":"username2"}}
error: Error Amplitude:
error: Error response 404: Error while tossing matchCould not find a match with given id {"stack":"Not Found Request: Could not find a match with given id\n    at D:\\Projects\\JS\\jhijhi-backend\\src\\controllers\\matches.js:422:13\n    at processTicksAndRejections (internal/process/task_queues.js:97:5)","user":{"_id":"5e7bacf549cd301950eb6b82","username":"username1"}}
error: Error response 404: Error while saving overError while retrieving match {"stack":"Not Found Request: Error while retrieving match\n    at D:\\Projects\\JS\\jhijhi-backend\\src\\controllers\\matches.js:472:13\n    at processTicksAndRejections (internal/process/task_queues.js:97:5)","user":{"_id":"5e7bacf549cd301950eb6b83","username":"username2"}}
error: Error Amplitude:
error: Error response 404: Error while saving bowlError while retrieving match {"stack":"Not Found Request: Error while retrieving match\n    at D:\\Projects\\JS\\jhijhi-backend\\src\\controllers\\matches.js:519:13\n    at processTicksAndRejections (internal/process/task_queues.js:97:5)","user":{"_id":"5e7bacf549cd301950eb6b83","username":"username2"}}
error: Error Amplitude:
error: Error Amplitude:
error: Error Amplitude:
error: Error Amplitude:
error: Error Amplitude:
error: Error Amplitude:
error: Error Amplitude:
error: Error Amplitude:
error: Error Amplitude:
error: Error response 404: Error while updating bowlError while retrieving match {"stack":"Not Found Request: Error while retrieving match\n    at D:\\Projects\\JS\\jhijhi-backend\\src\\controllers\\matches.js:644:13\n    at runMicrotasks (<anonymous>)\n    at processTicksAndRejections (internal/process/task_queues.js:97:5)","user":{"_id":"5e7bacf549cd301950eb6b83","username":"username2"}}
error: Error Amplitude:
error: Error Amplitude:
error: Error Amplitude:
error: Error Amplitude:
error: Error Amplitude:
error: Error Amplitude:
error: Error Amplitude:
error: Error Amplitude:
error: Error Amplitude:
error: Error 404: /api/matches/5e7bad3e36612143f048bcc1/begin
error: Error Amplitude:
error: Error response 404: Error while tossing matchCould not find a match with given id {"stack":"Not Found Request: Could not find a match with given id\n    at D:\\Projects\\JS\\jhijhi-backend\\src\\controllers\\matches.js:422:13\n    at processTicksAndRejections (internal/process/task_queues.js:97:5)","user":{"_id":"5e7bad3936612143f048bcae","username":"username2"}}
error: Error Amplitude:
error: Error response 404: Error while tossing matchCould not find a match with given id {"stack":"Not Found Request: Could not find a match with given id\n    at D:\\Projects\\JS\\jhijhi-backend\\src\\controllers\\matches.js:422:13\n    at processTicksAndRejections (internal/process/task_queues.js:97:5)","user":{"_id":"5e7bad3836612143f048bcad","username":"username1"}}
error: Error response 404: Error while saving overError while retrieving match {"stack":"Not Found Request: Error while retrieving match\n    at D:\\Projects\\JS\\jhijhi-backend\\src\\controllers\\matches.js:472:13\n    at processTicksAndRejections (internal/process/task_queues.js:97:5)","user":{"_id":"5e7bad3936612143f048bcae","username":"username2"}}
error: Error Amplitude:
error: Error response 404: Error while saving bowlError while retrieving match {"stack":"Not Found Request: Error while retrieving match\n    at D:\\Projects\\JS\\jhijhi-backend\\src\\controllers\\matches.js:519:13\n    at processTicksAndRejections (internal/process/task_queues.js:97:5)","user":{"_id":"5e7bad3936612143f048bcae","username":"username2"}}
error: Error Amplitude:
error: Error Amplitude:
error: Error Amplitude:
error: Error Amplitude:
error: Error Amplitude:
error: Error Amplitude:
error: Error Amplitude:
error: Error Amplitude:
error: Error Amplitude:
error: Error response 404: Error while updating bowlError while retrieving match {"stack":"Not Found Request: Error while retrieving match\n    at D:\\Projects\\JS\\jhijhi-backend\\src\\controllers\\matches.js:644:13\n    at runMicrotasks (<anonymous>)\n    at processTicksAndRejections (internal/process/task_queues.js:97:5)","user":{"_id":"5e7bad3936612143f048bcae","username":"username2"}}
error: Error Amplitude:
error: Error Amplitude:
error: Error Amplitude:
error: Error Amplitude:
error: Error Amplitude:
error: Error Amplitude:
error: Error Amplitude:
error: Error Amplitude:
error: Error Amplitude:
error: Error 404: /api/matches/5e7bad9a90b0f64060ccc677/begin
error: Error Amplitude:
error: Error response 404: Error while tossing matchCould not find a match with given id {"stack":"Not Found Request: Could not find a match with given id\n    at D:\\Projects\\JS\\jhijhi-backend\\src\\controllers\\matches.js:422:13\n    at runMicrotasks (<anonymous>)\n    at processTicksAndRejections (internal/process/task_queues.js:97:5)","user":{"_id":"5e7bad9290b0f64060ccc664","username":"username2"}}
error: Error Amplitude:
error: Error response 404: Error while tossing matchCould not find a match with given id {"stack":"Not Found Request: Could not find a match with given id\n    at D:\\Projects\\JS\\jhijhi-backend\\src\\controllers\\matches.js:422:13\n    at runMicrotasks (<anonymous>)\n    at processTicksAndRejections (internal/process/task_queues.js:97:5)","user":{"_id":"5e7bad9190b0f64060ccc663","username":"username1"}}
error: Error response 404: Error while saving overError while retrieving match {"stack":"Not Found Request: Error while retrieving match\n    at D:\\Projects\\JS\\jhijhi-backend\\src\\controllers\\matches.js:472:13\n    at runMicrotasks (<anonymous>)\n    at processTicksAndRejections (internal/process/task_queues.js:97:5)","user":{"_id":"5e7bad9290b0f64060ccc664","username":"username2"}}
error: Error Amplitude:
error: Error response 404: Error while saving bowlError while retrieving match {"stack":"Not Found Request: Error while retrieving match\n    at D:\\Projects\\JS\\jhijhi-backend\\src\\controllers\\matches.js:519:13\n    at runMicrotasks (<anonymous>)\n    at processTicksAndRejections (internal/process/task_queues.js:97:5)","user":{"_id":"5e7bad9290b0f64060ccc664","username":"username2"}}
error: Error Amplitude:
error: Error Amplitude:
error: Error Amplitude:
error: Error Amplitude:
error: Error Amplitude:
error: Error Amplitude:
error: Error Amplitude:
error: Error Amplitude:
error: Error Amplitude:
error: Error response 404: Error while updating bowlError while retrieving match {"stack":"Not Found Request: Error while retrieving match\n    at D:\\Projects\\JS\\jhijhi-backend\\src\\controllers\\matches.js:644:13\n    at runMicrotasks (<anonymous>)\n    at processTicksAndRejections (internal/process/task_queues.js:97:5)","user":{"_id":"5e7bad9290b0f64060ccc664","username":"username2"}}
error: Error Amplitude:
error: Error Amplitude:
error: Error Amplitude:
error: Error Amplitude:
error: Error Amplitude:
error: Error Amplitude:
error: Error Amplitude:
error: Error Amplitude:
error: Error Amplitude:
error: Error Amplitude:
error: Error Amplitude:
error: Error Amplitude:
error: Error Amplitude:
error: Error 404: /api/matches/5e7badf3317361132877b47d/begin
error: Error Amplitude:
error: Error response 404: Error while tossing matchCould not find a match with given id {"stack":"Not Found Request: Could not find a match with given id\n    at D:\\Projects\\JS\\jhijhi-backend\\src\\controllers\\matches.js:422:13\n    at runMicrotasks (<anonymous>)\n    at processTicksAndRejections (internal/process/task_queues.js:97:5)","user":{"_id":"5e7baded317361132877b46a","username":"username2"}}
error: Error Amplitude:
error: Error response 404: Error while tossing matchCould not find a match with given id {"stack":"Not Found Request: Could not find a match with given id\n    at D:\\Projects\\JS\\jhijhi-backend\\src\\controllers\\matches.js:422:13\n    at runMicrotasks (<anonymous>)\n    at processTicksAndRejections (internal/process/task_queues.js:97:5)","user":{"_id":"5e7baded317361132877b469","username":"username1"}}
error: Error response 404: Error while saving overError while retrieving match {"stack":"Not Found Request: Error while retrieving match\n    at D:\\Projects\\JS\\jhijhi-backend\\src\\controllers\\matches.js:472:13\n    at runMicrotasks (<anonymous>)\n    at processTicksAndRejections (internal/process/task_queues.js:97:5)","user":{"_id":"5e7baded317361132877b46a","username":"username2"}}
error: Error Amplitude:
error: Error response 404: Error while saving bowlError while retrieving match {"stack":"Not Found Request: Error while retrieving match\n    at D:\\Projects\\JS\\jhijhi-backend\\src\\controllers\\matches.js:519:13\n    at runMicrotasks (<anonymous>)\n    at processTicksAndRejections (internal/process/task_queues.js:97:5)","user":{"_id":"5e7baded317361132877b46a","username":"username2"}}
error: Error Amplitude:
error: Error Amplitude:
error: Error Amplitude:
error: Error Amplitude:
error: Error Amplitude:
error: Error Amplitude:
error: Error Amplitude:
error: Error Amplitude:
error: Error Amplitude:
error: Error response 404: Error while updating bowlError while retrieving match {"stack":"Not Found Request: Error while retrieving match\n    at D:\\Projects\\JS\\jhijhi-backend\\src\\controllers\\matches.js:644:13\n    at runMicrotasks (<anonymous>)\n    at processTicksAndRejections (internal/process/task_queues.js:97:5)","user":{"_id":"5e7baded317361132877b46a","username":"username2"}}
error: Error Amplitude:
error: Error Amplitude:
error: Error Amplitude:
error: Error Amplitude:
error: Error Amplitude:
error: Error Amplitude:
error: Error Amplitude:
error: Error Amplitude:
error: Error Amplitude:
error: Error Amplitude:
error: Error Amplitude:
error: Error Amplitude:
error: Error Amplitude:
error: Error Amplitude:
error: Error Amplitude:
error: Error Amplitude:
error: Error Amplitude:
error: Error 404: /api/matches/5e7bae25923f81109012f06a/begin
error: Error Amplitude:
error: Error response 404: Error while tossing matchCould not find a match with given id {"stack":"Not Found Request: Could not find a match with given id\n    at D:\\Projects\\JS\\jhijhi-backend\\src\\controllers\\matches.js:422:13\n    at processTicksAndRejections (internal/process/task_queues.js:97:5)","user":{"_id":"5e7bae20923f81109012f057","username":"username2"}}
error: Error Amplitude:
error: Error response 404: Error while tossing matchCould not find a match with given id {"stack":"Not Found Request: Could not find a match with given id\n    at D:\\Projects\\JS\\jhijhi-backend\\src\\controllers\\matches.js:422:13\n    at processTicksAndRejections (internal/process/task_queues.js:97:5)","user":{"_id":"5e7bae20923f81109012f056","username":"username1"}}
error: Error response 404: Error while saving overError while retrieving match {"stack":"Not Found Request: Error while retrieving match\n    at D:\\Projects\\JS\\jhijhi-backend\\src\\controllers\\matches.js:472:13\n    at processTicksAndRejections (internal/process/task_queues.js:97:5)","user":{"_id":"5e7bae20923f81109012f057","username":"username2"}}
error: Error Amplitude:
error: Error response 404: Error while saving bowlError while retrieving match {"stack":"Not Found Request: Error while retrieving match\n    at D:\\Projects\\JS\\jhijhi-backend\\src\\controllers\\matches.js:519:13\n    at processTicksAndRejections (internal/process/task_queues.js:97:5)","user":{"_id":"5e7bae20923f81109012f057","username":"username2"}}
error: Error Amplitude:
error: Error Amplitude:
error: Error Amplitude:
error: Error Amplitude:
error: Error Amplitude:
error: Error Amplitude:
error: Error Amplitude:
error: Error Amplitude:
error: Error Amplitude:
error: Error response 404: Error while updating bowlError while retrieving match {"stack":"Not Found Request: Error while retrieving match\n    at D:\\Projects\\JS\\jhijhi-backend\\src\\controllers\\matches.js:644:13\n    at runMicrotasks (<anonymous>)\n    at processTicksAndRejections (internal/process/task_queues.js:97:5)","user":{"_id":"5e7bae20923f81109012f057","username":"username2"}}
error: Error Amplitude:
error: Error Amplitude:
error: Error Amplitude:
error: Error Amplitude:
error: Error Amplitude:
error: Error Amplitude:
error: Error Amplitude:
error: Error Amplitude:
error: Error Amplitude:
error: Error Amplitude:
error: Error Amplitude:
error: Error Amplitude:
error: Error Amplitude:
error: Error Amplitude:
error: Error Amplitude:
error: Error Amplitude:
error: Error Amplitude:
error: Error 404: /api/matches/5e7bae9eb95d7546b0bf7813/begin
error: Error Amplitude:
error: Error response 404: Error while tossing matchCould not find a match with given id {"stack":"Not Found Request: Could not find a match with given id\n    at D:\\Projects\\JS\\jhijhi-backend\\src\\controllers\\matches.js:422:13\n    at processTicksAndRejections (internal/process/task_queues.js:97:5)","user":{"_id":"5e7bae99b95d7546b0bf7800","username":"username2"}}
error: Error Amplitude:
error: Error response 404: Error while tossing matchCould not find a match with given id {"stack":"Not Found Request: Could not find a match with given id\n    at D:\\Projects\\JS\\jhijhi-backend\\src\\controllers\\matches.js:422:13\n    at processTicksAndRejections (internal/process/task_queues.js:97:5)","user":{"_id":"5e7bae99b95d7546b0bf77ff","username":"username1"}}
error: Error response 404: Error while saving overError while retrieving match {"stack":"Not Found Request: Error while retrieving match\n    at D:\\Projects\\JS\\jhijhi-backend\\src\\controllers\\matches.js:472:13\n    at processTicksAndRejections (internal/process/task_queues.js:97:5)","user":{"_id":"5e7bae99b95d7546b0bf7800","username":"username2"}}
error: Error Amplitude:
error: Error response 404: Error while saving bowlError while retrieving match {"stack":"Not Found Request: Error while retrieving match\n    at D:\\Projects\\JS\\jhijhi-backend\\src\\controllers\\matches.js:519:13\n    at processTicksAndRejections (internal/process/task_queues.js:97:5)","user":{"_id":"5e7bae99b95d7546b0bf7800","username":"username2"}}
error: Error Amplitude:
error: Error Amplitude:
error: Error Amplitude:
error: Error Amplitude:
error: Error Amplitude:
error: Error Amplitude:
error: Error Amplitude:
error: Error Amplitude:
error: Error Amplitude:
error: Error response 404: Error while updating bowlError while retrieving match {"stack":"Not Found Request: Error while retrieving match\n    at D:\\Projects\\JS\\jhijhi-backend\\src\\controllers\\matches.js:644:13\n    at runMicrotasks (<anonymous>)\n    at processTicksAndRejections (internal/process/task_queues.js:97:5)","user":{"_id":"5e7bae99b95d7546b0bf7800","username":"username2"}}
error: Error Amplitude:
error: Error Amplitude:
error: Error Amplitude:
error: Error Amplitude:
error: Error Amplitude:
error: Error Amplitude:
error: Error Amplitude:
error: Error Amplitude:
error: Error Amplitude:
error: Error Amplitude:
error: Error Amplitude:
error: Error Amplitude:
error: Error Amplitude:
error: Error Amplitude:
error: Error Amplitude:
error: Error Amplitude:
error: Error Amplitude:
error: Error 404: /api/matches/5e7baed4912ed215e45e931f/begin
error: Error Amplitude:
error: Error response 404: Error while tossing matchCould not find a match with given id {"stack":"Not Found Request: Could not find a match with given id\n    at D:\\Projects\\JS\\jhijhi-backend\\src\\controllers\\matches.js:422:13\n    at processTicksAndRejections (internal/process/task_queues.js:97:5)","user":{"_id":"5e7baecf912ed215e45e930c","username":"username2"}}
error: Error Amplitude:
error: Error response 404: Error while tossing matchCould not find a match with given id {"stack":"Not Found Request: Could not find a match with given id\n    at D:\\Projects\\JS\\jhijhi-backend\\src\\controllers\\matches.js:422:13\n    at processTicksAndRejections (internal/process/task_queues.js:97:5)","user":{"_id":"5e7baecf912ed215e45e930b","username":"username1"}}
error: Error response 404: Error while saving overError while retrieving match {"stack":"Not Found Request: Error while retrieving match\n    at D:\\Projects\\JS\\jhijhi-backend\\src\\controllers\\matches.js:472:13\n    at processTicksAndRejections (internal/process/task_queues.js:97:5)","user":{"_id":"5e7baecf912ed215e45e930c","username":"username2"}}
error: Error Amplitude:
error: Error response 404: Error while saving bowlError while retrieving match {"stack":"Not Found Request: Error while retrieving match\n    at D:\\Projects\\JS\\jhijhi-backend\\src\\controllers\\matches.js:519:13\n    at processTicksAndRejections (internal/process/task_queues.js:97:5)","user":{"_id":"5e7baecf912ed215e45e930c","username":"username2"}}
error: Error Amplitude:
error: Error Amplitude:
error: Error Amplitude:
error: Error Amplitude:
error: Error Amplitude:
error: Error Amplitude:
error: Error Amplitude:
error: Error Amplitude:
error: Error Amplitude:
error: Error response 404: Error while updating bowlError while retrieving match {"stack":"Not Found Request: Error while retrieving match\n    at D:\\Projects\\JS\\jhijhi-backend\\src\\controllers\\matches.js:644:13\n    at runMicrotasks (<anonymous>)\n    at processTicksAndRejections (internal/process/task_queues.js:97:5)","user":{"_id":"5e7baecf912ed215e45e930c","username":"username2"}}
error: Error Amplitude:
error: Error Amplitude:
error: Error Amplitude:
error: Error Amplitude:
error: Error Amplitude:
error: Error Amplitude:
error: Error Amplitude:
error: Error Amplitude:
error: Error Amplitude:
error: Error Amplitude:
error: Error Amplitude:
error: Error Amplitude:
error: Error Amplitude:
error: Error Amplitude:
error: Error Amplitude:
error: Error Amplitude:
error: Error 404: /api/matches/5e7baf84dd95bb1fb4b84440/begin
error: Error Amplitude:
error: Error response 404: Error while tossing matchCould not find a match with given id {"stack":"Not Found Request: Could not find a match with given id\n    at D:\\Projects\\JS\\jhijhi-backend\\src\\controllers\\matches.js:422:13\n    at processTicksAndRejections (internal/process/task_queues.js:97:5)","user":{"_id":"5e7baf7fdd95bb1fb4b8442d","username":"username2"}}
error: Error Amplitude:
error: Error response 404: Error while tossing matchCould not find a match with given id {"stack":"Not Found Request: Could not find a match with given id\n    at D:\\Projects\\JS\\jhijhi-backend\\src\\controllers\\matches.js:422:13\n    at processTicksAndRejections (internal/process/task_queues.js:97:5)","user":{"_id":"5e7baf7edd95bb1fb4b8442c","username":"username1"}}
error: Error response 404: Error while saving overError while retrieving match {"stack":"Not Found Request: Error while retrieving match\n    at D:\\Projects\\JS\\jhijhi-backend\\src\\controllers\\matches.js:472:13\n    at processTicksAndRejections (internal/process/task_queues.js:97:5)","user":{"_id":"5e7baf7fdd95bb1fb4b8442d","username":"username2"}}
error: Error Amplitude:
error: Error response 404: Error while saving bowlError while retrieving match {"stack":"Not Found Request: Error while retrieving match\n    at D:\\Projects\\JS\\jhijhi-backend\\src\\controllers\\matches.js:519:13\n    at processTicksAndRejections (internal/process/task_queues.js:97:5)","user":{"_id":"5e7baf7fdd95bb1fb4b8442d","username":"username2"}}
error: Error Amplitude:
error: Error Amplitude:
error: Error Amplitude:
error: Error Amplitude:
error: Error Amplitude:
error: Error Amplitude:
error: Error Amplitude:
error: Error Amplitude:
error: Error Amplitude:
error: Error response 404: Error while updating bowlError while retrieving match {"stack":"Not Found Request: Error while retrieving match\n    at D:\\Projects\\JS\\jhijhi-backend\\src\\controllers\\matches.js:644:13\n    at runMicrotasks (<anonymous>)\n    at processTicksAndRejections (internal/process/task_queues.js:97:5)","user":{"_id":"5e7baf7fdd95bb1fb4b8442d","username":"username2"}}
error: Error Amplitude:
error: Error Amplitude:
error: Error Amplitude:
error: Error Amplitude:
error: Error Amplitude:
error: Error Amplitude:
error: Error Amplitude:
error: Error Amplitude:
error: Error Amplitude:
error: Error Amplitude:
error: Error Amplitude:
error: Error Amplitude:
error: Error Amplitude:
error: Error Amplitude:
error: Error Amplitude:
error: Error Amplitude:
error: Error Amplitude:
error: Error 404: /api/matches/5e7bb293d1bbad38102981a0/begin
error: Error Amplitude:
error: Error response 404: Error while tossing matchCould not find a match with given id {"stack":"Not Found Request: Could not find a match with given id\n    at D:\\Projects\\JS\\jhijhi-backend\\src\\controllers\\matches.js:422:13\n    at runMicrotasks (<anonymous>)\n    at processTicksAndRejections (internal/process/task_queues.js:97:5)","user":{"_id":"5e7bb28ed1bbad381029818d","username":"username2"}}
error: Error Amplitude:
error: Error response 404: Error while tossing matchCould not find a match with given id {"stack":"Not Found Request: Could not find a match with given id\n    at D:\\Projects\\JS\\jhijhi-backend\\src\\controllers\\matches.js:422:13\n    at runMicrotasks (<anonymous>)\n    at processTicksAndRejections (internal/process/task_queues.js:97:5)","user":{"_id":"5e7bb28dd1bbad381029818c","username":"username1"}}
error: Error response 404: Error while saving overError while retrieving match {"stack":"Not Found Request: Error while retrieving match\n    at D:\\Projects\\JS\\jhijhi-backend\\src\\controllers\\matches.js:472:13\n    at runMicrotasks (<anonymous>)\n    at processTicksAndRejections (internal/process/task_queues.js:97:5)","user":{"_id":"5e7bb28ed1bbad381029818d","username":"username2"}}
error: Error Amplitude:
error: Error response 404: Error while saving bowlError while retrieving match {"stack":"Not Found Request: Error while retrieving match\n    at D:\\Projects\\JS\\jhijhi-backend\\src\\controllers\\matches.js:519:13\n    at runMicrotasks (<anonymous>)\n    at processTicksAndRejections (internal/process/task_queues.js:97:5)","user":{"_id":"5e7bb28ed1bbad381029818d","username":"username2"}}
error: Error Amplitude:
error: Error Amplitude:
error: Error Amplitude:
error: Error Amplitude:
error: Error Amplitude:
error: Error Amplitude:
error: Error Amplitude:
error: Error Amplitude:
error: Error Amplitude:
error: Error response 404: Error while updating bowlError while retrieving match {"stack":"Not Found Request: Error while retrieving match\n    at D:\\Projects\\JS\\jhijhi-backend\\src\\controllers\\matches.js:641:13\n    at runMicrotasks (<anonymous>)\n    at processTicksAndRejections (internal/process/task_queues.js:97:5)","user":{"_id":"5e7bb28ed1bbad381029818d","username":"username2"}}
error: Error Amplitude:
error: Error Amplitude:
error: Error Amplitude:
error: Error Amplitude:
error: Error Amplitude:
error: Error Amplitude:
error: Error Amplitude:
error: Error Amplitude:
error: Error Amplitude:
error: Error Amplitude:
error: Error Amplitude:
error: Error Amplitude:
error: Error Amplitude:
error: Error Amplitude:
error: Error Amplitude:
error: Error Amplitude:
error: Error 404: /api/matches/5e7bb39c44105446cc6a4cc4/begin
error: Error Amplitude:
error: Error response 404: Error while tossing matchCould not find a match with given id {"stack":"Not Found Request: Could not find a match with given id\n    at D:\\Projects\\JS\\jhijhi-backend\\src\\controllers\\matches.js:422:13\n    at processTicksAndRejections (internal/process/task_queues.js:97:5)","user":{"_id":"5e7bb39744105446cc6a4cb1","username":"username2"}}
error: Error Amplitude:
error: Error response 404: Error while tossing matchCould not find a match with given id {"stack":"Not Found Request: Could not find a match with given id\n    at D:\\Projects\\JS\\jhijhi-backend\\src\\controllers\\matches.js:422:13\n    at processTicksAndRejections (internal/process/task_queues.js:97:5)","user":{"_id":"5e7bb39744105446cc6a4cb0","username":"username1"}}
error: Error response 404: Error while saving overError while retrieving match {"stack":"Not Found Request: Error while retrieving match\n    at D:\\Projects\\JS\\jhijhi-backend\\src\\controllers\\matches.js:472:13\n    at processTicksAndRejections (internal/process/task_queues.js:97:5)","user":{"_id":"5e7bb39744105446cc6a4cb1","username":"username2"}}
error: Error Amplitude:
error: Error response 404: Error while saving bowlError while retrieving match {"stack":"Not Found Request: Error while retrieving match\n    at D:\\Projects\\JS\\jhijhi-backend\\src\\controllers\\matches.js:519:13\n    at processTicksAndRejections (internal/process/task_queues.js:97:5)","user":{"_id":"5e7bb39744105446cc6a4cb1","username":"username2"}}
error: Error Amplitude:
error: Error Amplitude:
error: Error Amplitude:
error: Error Amplitude:
error: Error Amplitude:
error: Error Amplitude:
error: Error Amplitude:
error: Error Amplitude:
error: Error Amplitude:
error: Error response 404: Error while updating bowlError while retrieving match {"stack":"Not Found Request: Error while retrieving match\n    at D:\\Projects\\JS\\jhijhi-backend\\src\\controllers\\matches.js:641:13\n    at runMicrotasks (<anonymous>)\n    at processTicksAndRejections (internal/process/task_queues.js:97:5)","user":{"_id":"5e7bb39744105446cc6a4cb1","username":"username2"}}
error: Error Amplitude:
error: Error Amplitude:
error: Error Amplitude:
error: Error Amplitude:
error: Error Amplitude:
error: Error Amplitude:
error: Error Amplitude:
error: Error Amplitude:
error: Error Amplitude:
error: Error Amplitude:
error: Error Amplitude:
error: Error Amplitude:
error: Error Amplitude:
error: Error Amplitude:
error: Error Amplitude:
error: Error Amplitude:
error: Error 404: /api/matches/5e7bb4a7a4240d416cf49207/begin
error: Error Amplitude:
error: Error response 404: Error while tossing matchCould not find a match with given id {"stack":"Not Found Request: Could not find a match with given id\n    at D:\\Projects\\JS\\jhijhi-backend\\src\\controllers\\matches.js:422:13\n    at processTicksAndRejections (internal/process/task_queues.js:97:5)","user":{"_id":"5e7bb4a2a4240d416cf491f4","username":"username2"}}
error: Error Amplitude:
error: Error response 404: Error while tossing matchCould not find a match with given id {"stack":"Not Found Request: Could not find a match with given id\n    at D:\\Projects\\JS\\jhijhi-backend\\src\\controllers\\matches.js:422:13\n    at processTicksAndRejections (internal/process/task_queues.js:97:5)","user":{"_id":"5e7bb4a2a4240d416cf491f3","username":"username1"}}
error: Error response 404: Error while saving overError while retrieving match {"stack":"Not Found Request: Error while retrieving match\n    at D:\\Projects\\JS\\jhijhi-backend\\src\\controllers\\matches.js:472:13\n    at processTicksAndRejections (internal/process/task_queues.js:97:5)","user":{"_id":"5e7bb4a2a4240d416cf491f4","username":"username2"}}
error: Error Amplitude:
error: Error response 404: Error while saving bowlError while retrieving match {"stack":"Not Found Request: Error while retrieving match\n    at D:\\Projects\\JS\\jhijhi-backend\\src\\controllers\\matches.js:519:13\n    at processTicksAndRejections (internal/process/task_queues.js:97:5)","user":{"_id":"5e7bb4a2a4240d416cf491f4","username":"username2"}}
error: Error Amplitude:
error: Error Amplitude:
error: Error Amplitude:
error: Error Amplitude:
error: Error Amplitude:
error: Error Amplitude:
error: Error Amplitude:
error: Error Amplitude:
error: Error Amplitude:
error: Error response 404: Error while updating bowlError while retrieving match {"stack":"Not Found Request: Error while retrieving match\n    at D:\\Projects\\JS\\jhijhi-backend\\src\\controllers\\matches.js:641:13\n    at runMicrotasks (<anonymous>)\n    at processTicksAndRejections (internal/process/task_queues.js:97:5)","user":{"_id":"5e7bb4a2a4240d416cf491f4","username":"username2"}}
error: Error Amplitude:
error: Error Amplitude:
error: Error Amplitude:
error: Error Amplitude:
error: Error Amplitude:
error: Error Amplitude:
error: Error Amplitude:
error: Error Amplitude:
error: Error Amplitude:
error: Error Amplitude:
error: Error Amplitude:
error: Error Amplitude:
error: Error Amplitude:
error: Error Amplitude:
error: Error Amplitude:
error: Error Amplitude:
error: Error 404: /api/matches/5e7bb4e91a2bea18304c47bd/begin
error: Error Amplitude:
error: Error response 404: Error while tossing matchCould not find a match with given id {"stack":"Not Found Request: Could not find a match with given id\n    at D:\\Projects\\JS\\jhijhi-backend\\src\\controllers\\matches.js:422:13\n    at processTicksAndRejections (internal/process/task_queues.js:97:5)","user":{"_id":"5e7bb4e41a2bea18304c47aa","username":"username2"}}
error: Error Amplitude:
error: Error response 404: Error while tossing matchCould not find a match with given id {"stack":"Not Found Request: Could not find a match with given id\n    at D:\\Projects\\JS\\jhijhi-backend\\src\\controllers\\matches.js:422:13\n    at processTicksAndRejections (internal/process/task_queues.js:97:5)","user":{"_id":"5e7bb4e41a2bea18304c47a9","username":"username1"}}
error: Error response 404: Error while saving overError while retrieving match {"stack":"Not Found Request: Error while retrieving match\n    at D:\\Projects\\JS\\jhijhi-backend\\src\\controllers\\matches.js:472:13\n    at processTicksAndRejections (internal/process/task_queues.js:97:5)","user":{"_id":"5e7bb4e41a2bea18304c47aa","username":"username2"}}
error: Error Amplitude:
error: Error response 404: Error while saving bowlError while retrieving match {"stack":"Not Found Request: Error while retrieving match\n    at D:\\Projects\\JS\\jhijhi-backend\\src\\controllers\\matches.js:519:13\n    at processTicksAndRejections (internal/process/task_queues.js:97:5)","user":{"_id":"5e7bb4e41a2bea18304c47aa","username":"username2"}}
error: Error Amplitude:
error: Error Amplitude:
error: Error Amplitude:
error: Error Amplitude:
error: Error Amplitude:
error: Error Amplitude:
error: Error Amplitude:
error: Error Amplitude:
error: Error Amplitude:
error: Error response 404: Error while updating bowlError while retrieving match {"stack":"Not Found Request: Error while retrieving match\n    at D:\\Projects\\JS\\jhijhi-backend\\src\\controllers\\matches.js:641:13\n    at runMicrotasks (<anonymous>)\n    at processTicksAndRejections (internal/process/task_queues.js:97:5)","user":{"_id":"5e7bb4e41a2bea18304c47aa","username":"username2"}}
error: Error Amplitude:
error: Error Amplitude:
error: Error Amplitude:
error: Error Amplitude:
error: Error Amplitude:
error: Error Amplitude:
error: Error Amplitude:
error: Error Amplitude:
error: Error Amplitude:
error: Error Amplitude:
error: Error Amplitude:
error: Error Amplitude:
error: Error Amplitude:
error: Error Amplitude:
error: Error Amplitude:
error: Error Amplitude:
error: Error 404: /api/matches/5e7bb566e3af6945c067cb1f/begin
error: Error Amplitude:
error: Error response 404: Error while tossing matchCould not find a match with given id {"stack":"Not Found Request: Could not find a match with given id\n    at D:\\Projects\\JS\\jhijhi-backend\\src\\controllers\\matches.js:422:13\n    at runMicrotasks (<anonymous>)\n    at processTicksAndRejections (internal/process/task_queues.js:97:5)","user":{"_id":"5e7bb561e3af6945c067cb0c","username":"username2"}}
error: Error Amplitude:
error: Error response 404: Error while tossing matchCould not find a match with given id {"stack":"Not Found Request: Could not find a match with given id\n    at D:\\Projects\\JS\\jhijhi-backend\\src\\controllers\\matches.js:422:13\n    at runMicrotasks (<anonymous>)\n    at processTicksAndRejections (internal/process/task_queues.js:97:5)","user":{"_id":"5e7bb561e3af6945c067cb0b","username":"username1"}}
error: Error response 404: Error while saving overError while retrieving match {"stack":"Not Found Request: Error while retrieving match\n    at D:\\Projects\\JS\\jhijhi-backend\\src\\controllers\\matches.js:472:13\n    at runMicrotasks (<anonymous>)\n    at processTicksAndRejections (internal/process/task_queues.js:97:5)","user":{"_id":"5e7bb561e3af6945c067cb0c","username":"username2"}}
error: Error Amplitude:
error: Error response 404: Error while saving bowlError while retrieving match {"stack":"Not Found Request: Error while retrieving match\n    at D:\\Projects\\JS\\jhijhi-backend\\src\\controllers\\matches.js:519:13\n    at runMicrotasks (<anonymous>)\n    at processTicksAndRejections (internal/process/task_queues.js:97:5)","user":{"_id":"5e7bb561e3af6945c067cb0c","username":"username2"}}
error: Error Amplitude:
error: Error Amplitude:
error: Error Amplitude:
error: Error Amplitude:
error: Error Amplitude:
error: Error Amplitude:
error: Error Amplitude:
error: Error Amplitude:
error: Error Amplitude:
error: Error response 404: Error while updating bowlError while retrieving match {"stack":"Not Found Request: Error while retrieving match\n    at D:\\Projects\\JS\\jhijhi-backend\\src\\controllers\\matches.js:641:13\n    at runMicrotasks (<anonymous>)\n    at processTicksAndRejections (internal/process/task_queues.js:97:5)","user":{"_id":"5e7bb561e3af6945c067cb0c","username":"username2"}}
error: Error Amplitude:
error: Error Amplitude:
error: Error Amplitude:
error: Error Amplitude:
error: Error Amplitude:
error: Error Amplitude:
error: Error Amplitude:
error: Error Amplitude:
error: Error Amplitude:
error: Error Amplitude:
error: Error Amplitude:
error: Error Amplitude:
error: Error Amplitude:
error: Error Amplitude:
error: Error Amplitude:
error: Error Amplitude:
error: Error Amplitude:
error: Error Amplitude:
error: Error Amplitude:
error: Error Amplitude:
error: Error Amplitude:
error: Error Amplitude:
error: Error Amplitude:
error: Error Amplitude:
error: Error 404: /api/matches/5e7bb5870a2eae0614d485b9/begin
error: Error Amplitude:
error: Error response 404: Error while tossing matchCould not find a match with given id {"stack":"Not Found Request: Could not find a match with given id\n    at D:\\Projects\\JS\\jhijhi-backend\\src\\controllers\\matches.js:422:13\n    at processTicksAndRejections (internal/process/task_queues.js:97:5)","user":{"_id":"5e7bb5820a2eae0614d485a6","username":"username2"}}
error: Error Amplitude:
error: Error response 404: Error while tossing matchCould not find a match with given id {"stack":"Not Found Request: Could not find a match with given id\n    at D:\\Projects\\JS\\jhijhi-backend\\src\\controllers\\matches.js:422:13\n    at processTicksAndRejections (internal/process/task_queues.js:97:5)","user":{"_id":"5e7bb5810a2eae0614d485a5","username":"username1"}}
error: Error response 404: Error while saving overError while retrieving match {"stack":"Not Found Request: Error while retrieving match\n    at D:\\Projects\\JS\\jhijhi-backend\\src\\controllers\\matches.js:472:13\n    at processTicksAndRejections (internal/process/task_queues.js:97:5)","user":{"_id":"5e7bb5820a2eae0614d485a6","username":"username2"}}
error: Error Amplitude:
error: Error response 404: Error while saving bowlError while retrieving match {"stack":"Not Found Request: Error while retrieving match\n    at D:\\Projects\\JS\\jhijhi-backend\\src\\controllers\\matches.js:519:13\n    at processTicksAndRejections (internal/process/task_queues.js:97:5)","user":{"_id":"5e7bb5820a2eae0614d485a6","username":"username2"}}
error: Error Amplitude:
error: Error Amplitude:
error: Error Amplitude:
error: Error Amplitude:
error: Error Amplitude:
error: Error Amplitude:
error: Error Amplitude:
error: Error Amplitude:
error: Error Amplitude:
error: Error response 404: Error while updating bowlError while retrieving match {"stack":"Not Found Request: Error while retrieving match\n    at D:\\Projects\\JS\\jhijhi-backend\\src\\controllers\\matches.js:641:13\n    at runMicrotasks (<anonymous>)\n    at processTicksAndRejections (internal/process/task_queues.js:97:5)","user":{"_id":"5e7bb5820a2eae0614d485a6","username":"username2"}}
error: Error Amplitude:
error: Error Amplitude:
error: Error Amplitude:
error: Error Amplitude:
error: Error Amplitude:
error: Error Amplitude:
error: Error Amplitude:
error: Error Amplitude:
error: Error Amplitude:
error: Error Amplitude:
error: Error Amplitude:
error: Error Amplitude:
error: Error Amplitude:
error: Error Amplitude:
error: Error Amplitude:
error: Error Amplitude:
error: Error Amplitude:
error: Error Amplitude:
error: Error Amplitude:
error: Error Amplitude:
error: Error Amplitude:
error: Error Amplitude:
error: Error Amplitude:
error: Error Amplitude:
error: Error 404: /api/matches/5e7bb5af41abc74090a75a76/begin
error: Error Amplitude:
error: Error response 404: Error while tossing matchCould not find a match with given id {"stack":"Not Found Request: Could not find a match with given id\n    at D:\\Projects\\JS\\jhijhi-backend\\src\\controllers\\matches.js:422:13\n    at processTicksAndRejections (internal/process/task_queues.js:97:5)","user":{"_id":"5e7bb5aa41abc74090a75a63","username":"username2"}}
error: Error Amplitude:
error: Error response 404: Error while tossing matchCould not find a match with given id {"stack":"Not Found Request: Could not find a match with given id\n    at D:\\Projects\\JS\\jhijhi-backend\\src\\controllers\\matches.js:422:13\n    at processTicksAndRejections (internal/process/task_queues.js:97:5)","user":{"_id":"5e7bb5a941abc74090a75a62","username":"username1"}}
error: Error response 404: Error while saving overError while retrieving match {"stack":"Not Found Request: Error while retrieving match\n    at D:\\Projects\\JS\\jhijhi-backend\\src\\controllers\\matches.js:472:13\n    at processTicksAndRejections (internal/process/task_queues.js:97:5)","user":{"_id":"5e7bb5aa41abc74090a75a63","username":"username2"}}
error: Error Amplitude:
error: Error response 404: Error while saving bowlError while retrieving match {"stack":"Not Found Request: Error while retrieving match\n    at D:\\Projects\\JS\\jhijhi-backend\\src\\controllers\\matches.js:519:13\n    at processTicksAndRejections (internal/process/task_queues.js:97:5)","user":{"_id":"5e7bb5aa41abc74090a75a63","username":"username2"}}
error: Error Amplitude:
error: Error Amplitude:
error: Error Amplitude:
error: Error Amplitude:
error: Error Amplitude:
error: Error Amplitude:
error: Error Amplitude:
error: Error Amplitude:
error: Error Amplitude:
error: Error response 404: Error while updating bowlError while retrieving match {"stack":"Not Found Request: Error while retrieving match\n    at D:\\Projects\\JS\\jhijhi-backend\\src\\controllers\\matches.js:641:13\n    at runMicrotasks (<anonymous>)\n    at processTicksAndRejections (internal/process/task_queues.js:97:5)","user":{"_id":"5e7bb5aa41abc74090a75a63","username":"username2"}}
error: Error Amplitude:
error: Error Amplitude:
error: Error Amplitude:
error: Error Amplitude:
error: Error Amplitude:
error: Error Amplitude:
error: Error Amplitude:
error: Error Amplitude:
error: Error Amplitude:
error: Error Amplitude:
error: Error Amplitude:
error: Error Amplitude:
error: Error Amplitude:
error: Error Amplitude:
error: Error Amplitude:
error: Error Amplitude:
error: Error Amplitude:
error: Error Amplitude:
error: Error Amplitude:
error: Error Amplitude:
error: Error Amplitude:
error: Error Amplitude:
error: Error Amplitude:
error: Error Amplitude:
error: Error Amplitude:
error: Error Amplitude:
error: Error Amplitude:
error: Error Amplitude:
error: Error Amplitude:
error: Error Amplitude:
error: Error 404: /api/matches/5e7c99cc557b813e28c4e532/begin
error: Error Amplitude:
error: Error response 404: Error while tossing matchCould not find a match with given id {"stack":"Not Found Request: Could not find a match with given id\n    at D:\\Projects\\JS\\jhijhi-backend\\src\\controllers\\matches.js:422:13\n    at processTicksAndRejections (internal/process/task_queues.js:97:5)","user":{"_id":"5e7c99c7557b813e28c4e51f","username":"username2"}}
error: Error Amplitude:
error: Error response 404: Error while tossing matchCould not find a match with given id {"stack":"Not Found Request: Could not find a match with given id\n    at D:\\Projects\\JS\\jhijhi-backend\\src\\controllers\\matches.js:422:13\n    at processTicksAndRejections (internal/process/task_queues.js:97:5)","user":{"_id":"5e7c99c6557b813e28c4e51e","username":"username1"}}
error: Error response 404: Error while saving overError while retrieving match {"stack":"Not Found Request: Error while retrieving match\n    at D:\\Projects\\JS\\jhijhi-backend\\src\\controllers\\matches.js:472:13\n    at processTicksAndRejections (internal/process/task_queues.js:97:5)","user":{"_id":"5e7c99c7557b813e28c4e51f","username":"username2"}}
error: Error Amplitude:
error: Error response 404: Error while saving bowlError while retrieving match {"stack":"Not Found Request: Error while retrieving match\n    at D:\\Projects\\JS\\jhijhi-backend\\src\\controllers\\matches.js:519:13\n    at processTicksAndRejections (internal/process/task_queues.js:97:5)","user":{"_id":"5e7c99c7557b813e28c4e51f","username":"username2"}}
error: Error Amplitude:
error: Error Amplitude:
error: Error Amplitude:
error: Error Amplitude:
error: Error Amplitude:
error: Error Amplitude:
error: Error Amplitude:
error: Error Amplitude:
error: Error Amplitude:
error: Error response 404: Error while updating bowlError while retrieving match {"stack":"Not Found Request: Error while retrieving match\n    at D:\\Projects\\JS\\jhijhi-backend\\src\\controllers\\matches.js:641:13\n    at runMicrotasks (<anonymous>)\n    at processTicksAndRejections (internal/process/task_queues.js:97:5)","user":{"_id":"5e7c99c7557b813e28c4e51f","username":"username2"}}
error: Error Amplitude:
error: Error Amplitude:
error: Error Amplitude:
error: Error Amplitude:
error: Error Amplitude:
error: Error Amplitude:
error: Error Amplitude:
error: Error Amplitude:
error: Error Amplitude:
error: Error Amplitude:
error: Error Amplitude:
error: Error Amplitude:
error: Error Amplitude:
error: Error Amplitude:
error: Error Amplitude:
error: Error Amplitude:
error: Error 404: /api/matches/5e7c99f8b8399b3d0ca02a09/begin
error: Error Amplitude:
error: Error response 404: Error while tossing matchCould not find a match with given id {"stack":"Not Found Request: Could not find a match with given id\n    at D:\\Projects\\JS\\jhijhi-backend\\src\\controllers\\matches.js:422:13\n    at processTicksAndRejections (internal/process/task_queues.js:97:5)","user":{"_id":"5e7c99f3b8399b3d0ca029f6","username":"username2"}}
error: Error Amplitude:
error: Error response 404: Error while tossing matchCould not find a match with given id {"stack":"Not Found Request: Could not find a match with given id\n    at D:\\Projects\\JS\\jhijhi-backend\\src\\controllers\\matches.js:422:13\n    at processTicksAndRejections (internal/process/task_queues.js:97:5)","user":{"_id":"5e7c99f2b8399b3d0ca029f5","username":"username1"}}
error: Error response 404: Error while saving overError while retrieving match {"stack":"Not Found Request: Error while retrieving match\n    at D:\\Projects\\JS\\jhijhi-backend\\src\\controllers\\matches.js:472:13\n    at processTicksAndRejections (internal/process/task_queues.js:97:5)","user":{"_id":"5e7c99f3b8399b3d0ca029f6","username":"username2"}}
error: Error Amplitude:
error: Error response 404: Error while saving bowlError while retrieving match {"stack":"Not Found Request: Error while retrieving match\n    at D:\\Projects\\JS\\jhijhi-backend\\src\\controllers\\matches.js:519:13\n    at processTicksAndRejections (internal/process/task_queues.js:97:5)","user":{"_id":"5e7c99f3b8399b3d0ca029f6","username":"username2"}}
error: Error Amplitude:
error: Error Amplitude:
error: Error Amplitude:
error: Error Amplitude:
error: Error Amplitude:
error: Error Amplitude:
error: Error Amplitude:
error: Error Amplitude:
error: Error Amplitude:
error: Error response 404: Error while updating bowlError while retrieving match {"stack":"Not Found Request: Error while retrieving match\n    at D:\\Projects\\JS\\jhijhi-backend\\src\\controllers\\matches.js:641:13\n    at runMicrotasks (<anonymous>)\n    at processTicksAndRejections (internal/process/task_queues.js:97:5)","user":{"_id":"5e7c99f3b8399b3d0ca029f6","username":"username2"}}
error: Error Amplitude:
error: Error Amplitude:
error: Error Amplitude:
error: Error Amplitude:
error: Error Amplitude:
error: Error Amplitude:
error: Error Amplitude:
error: Error Amplitude:
error: Error Amplitude:
error: Error Amplitude:
error: Error Amplitude:
error: Error Amplitude:
error: Error Amplitude:
error: Error Amplitude:
error: Error Amplitude:
error: Error Amplitude:
error: Error 404: /api/matches/5e7c9a4ff5b30322dc61fda0/begin
error: Error Amplitude:
error: Error response 404: Error while tossing matchCould not find a match with given id {"stack":"Not Found Request: Could not find a match with given id\n    at D:\\Projects\\JS\\jhijhi-backend\\src\\controllers\\matches.js:422:13\n    at processTicksAndRejections (internal/process/task_queues.js:97:5)","user":{"_id":"5e7c9a49f5b30322dc61fd8d","username":"username2"}}
error: Error Amplitude:
error: Error response 404: Error while tossing matchCould not find a match with given id {"stack":"Not Found Request: Could not find a match with given id\n    at D:\\Projects\\JS\\jhijhi-backend\\src\\controllers\\matches.js:422:13\n    at processTicksAndRejections (internal/process/task_queues.js:97:5)","user":{"_id":"5e7c9a49f5b30322dc61fd8c","username":"username1"}}
error: Error response 404: Error while saving overError while retrieving match {"stack":"Not Found Request: Error while retrieving match\n    at D:\\Projects\\JS\\jhijhi-backend\\src\\controllers\\matches.js:472:13\n    at processTicksAndRejections (internal/process/task_queues.js:97:5)","user":{"_id":"5e7c9a49f5b30322dc61fd8d","username":"username2"}}
error: Error Amplitude:
error: Error response 404: Error while saving bowlError while retrieving match {"stack":"Not Found Request: Error while retrieving match\n    at D:\\Projects\\JS\\jhijhi-backend\\src\\controllers\\matches.js:519:13\n    at processTicksAndRejections (internal/process/task_queues.js:97:5)","user":{"_id":"5e7c9a49f5b30322dc61fd8d","username":"username2"}}
error: Error Amplitude:
error: Error Amplitude:
error: Error Amplitude:
error: Error Amplitude:
error: Error Amplitude:
error: Error Amplitude:
error: Error Amplitude:
error: Error Amplitude:
error: Error Amplitude:
error: Error response 404: Error while updating bowlError while retrieving match {"stack":"Not Found Request: Error while retrieving match\n    at D:\\Projects\\JS\\jhijhi-backend\\src\\controllers\\matches.js:641:13\n    at runMicrotasks (<anonymous>)\n    at processTicksAndRejections (internal/process/task_queues.js:97:5)","user":{"_id":"5e7c9a49f5b30322dc61fd8d","username":"username2"}}
error: Error Amplitude:
error: Error Amplitude:
error: Error Amplitude:
error: Error Amplitude:
error: Error Amplitude:
error: Error Amplitude:
error: Error Amplitude:
error: Error Amplitude:
error: Error Amplitude:
error: Error Amplitude:
error: Error Amplitude:
error: Error Amplitude:
error: Error Amplitude:
error: Error Amplitude:
error: Error Amplitude:
error: Error Amplitude:
error: Error Amplitude:
error: Error Amplitude:
error: Error Amplitude:
error: Error Amplitude:
error: Error Amplitude:
error: Error Amplitude:
error: Error Amplitude:
error: Error Amplitude:
error: Error 404: /api/matches/5e7c9a89ca180b0b9866634d/begin
error: Error Amplitude:
error: Error response 404: Error while tossing matchCould not find a match with given id {"stack":"Not Found Request: Could not find a match with given id\n    at D:\\Projects\\JS\\jhijhi-backend\\src\\controllers\\matches.js:422:13\n    at processTicksAndRejections (internal/process/task_queues.js:97:5)","user":{"_id":"5e7c9a83ca180b0b9866633a","username":"username2"}}
error: Error Amplitude:
error: Error response 404: Error while tossing matchCould not find a match with given id {"stack":"Not Found Request: Could not find a match with given id\n    at D:\\Projects\\JS\\jhijhi-backend\\src\\controllers\\matches.js:422:13\n    at processTicksAndRejections (internal/process/task_queues.js:97:5)","user":{"_id":"5e7c9a83ca180b0b98666339","username":"username1"}}
error: Error response 404: Error while saving overError while retrieving match {"stack":"Not Found Request: Error while retrieving match\n    at D:\\Projects\\JS\\jhijhi-backend\\src\\controllers\\matches.js:472:13\n    at processTicksAndRejections (internal/process/task_queues.js:97:5)","user":{"_id":"5e7c9a83ca180b0b9866633a","username":"username2"}}
error: Error Amplitude:
error: Error response 404: Error while saving bowlError while retrieving match {"stack":"Not Found Request: Error while retrieving match\n    at D:\\Projects\\JS\\jhijhi-backend\\src\\controllers\\matches.js:519:13\n    at processTicksAndRejections (internal/process/task_queues.js:97:5)","user":{"_id":"5e7c9a83ca180b0b9866633a","username":"username2"}}
error: Error Amplitude:
error: Error Amplitude:
error: Error Amplitude:
error: Error Amplitude:
error: Error Amplitude:
error: Error Amplitude:
error: Error Amplitude:
error: Error Amplitude:
error: Error Amplitude:
error: Error response 404: Error while updating bowlError while retrieving match {"stack":"Not Found Request: Error while retrieving match\n    at D:\\Projects\\JS\\jhijhi-backend\\src\\controllers\\matches.js:641:13\n    at runMicrotasks (<anonymous>)\n    at processTicksAndRejections (internal/process/task_queues.js:97:5)","user":{"_id":"5e7c9a83ca180b0b9866633a","username":"username2"}}
error: Error Amplitude:
error: Error Amplitude:
error: Error Amplitude:
error: Error Amplitude:
error: Error Amplitude:
error: Error Amplitude:
error: Error Amplitude:
error: Error Amplitude:
error: Error Amplitude:
error: Error Amplitude:
error: Error Amplitude:
error: Error Amplitude:
error: Error Amplitude:
error: Error Amplitude:
error: Error Amplitude:
error: Error Amplitude:
error: Error 404: /api/matches/5e7c9aecbc43e51bf8d76165/begin
error: Error Amplitude:
error: Error response 404: Error while tossing matchCould not find a match with given id {"stack":"Not Found Request: Could not find a match with given id\n    at D:\\Projects\\JS\\jhijhi-backend\\src\\controllers\\matches.js:422:13\n    at runMicrotasks (<anonymous>)\n    at processTicksAndRejections (internal/process/task_queues.js:97:5)","user":{"_id":"5e7c9ae6bc43e51bf8d76152","username":"username2"}}
error: Error Amplitude:
error: Error response 404: Error while tossing matchCould not find a match with given id {"stack":"Not Found Request: Could not find a match with given id\n    at D:\\Projects\\JS\\jhijhi-backend\\src\\controllers\\matches.js:422:13\n    at runMicrotasks (<anonymous>)\n    at processTicksAndRejections (internal/process/task_queues.js:97:5)","user":{"_id":"5e7c9ae6bc43e51bf8d76151","username":"username1"}}
error: Error response 404: Error while saving overError while retrieving match {"stack":"Not Found Request: Error while retrieving match\n    at D:\\Projects\\JS\\jhijhi-backend\\src\\controllers\\matches.js:472:13\n    at runMicrotasks (<anonymous>)\n    at processTicksAndRejections (internal/process/task_queues.js:97:5)","user":{"_id":"5e7c9ae6bc43e51bf8d76152","username":"username2"}}
error: Error Amplitude:
error: Error response 404: Error while saving bowlError while retrieving match {"stack":"Not Found Request: Error while retrieving match\n    at D:\\Projects\\JS\\jhijhi-backend\\src\\controllers\\matches.js:519:13\n    at runMicrotasks (<anonymous>)\n    at processTicksAndRejections (internal/process/task_queues.js:97:5)","user":{"_id":"5e7c9ae6bc43e51bf8d76152","username":"username2"}}
error: Error Amplitude:
error: Error Amplitude:
error: Error Amplitude:
error: Error Amplitude:
error: Error Amplitude:
error: Error Amplitude:
error: Error Amplitude:
error: Error Amplitude:
error: Error Amplitude:
error: Error response 404: Error while updating bowlError while retrieving match {"stack":"Not Found Request: Error while retrieving match\n    at D:\\Projects\\JS\\jhijhi-backend\\src\\controllers\\matches.js:642:13\n    at runMicrotasks (<anonymous>)\n    at processTicksAndRejections (internal/process/task_queues.js:97:5)","user":{"_id":"5e7c9ae6bc43e51bf8d76152","username":"username2"}}
error: Error Amplitude:
error: Error Amplitude:
error: Error Amplitude:
error: Error Amplitude:
error: Error Amplitude:
error: Error Amplitude:
error: Error Amplitude:
error: Error Amplitude:
